#
# There is insufficient memory for the Java Runtime Environment to continue.
# Native memory allocation (mmap) failed to map 264241152 bytes for G1 virtual space
# Possible reasons:
#   The system is out of physical RAM or swap space
#   The process is running with CompressedOops enabled, and the Java Heap may be blocking the growth of the native heap
# Possible solutions:
#   Reduce memory load on the system
#   Increase physical memory or swap space
#   Check if swap backing store is full
#   Decrease Java heap size (-Xmx/-Xms)
#   Decrease number of Java threads
#   Decrease Java thread stack sizes (-Xss)
#   Set larger code cache with -XX:ReservedCodeCacheSize=
#   JVM is running with Zero Based Compressed Oops mode in which the Java heap is
#     placed in the first 32GB address space. The Java Heap base address is the
#     maximum limit for the native heap growth. Please use -XX:HeapBaseMinAddress
#     to set the Java Heap base and to place the Java Heap above 32GB virtual address.
# This output file may be truncated or incomplete.
#
#  Out of Memory Error (os_windows.cpp:3825), pid=20660, tid=6016
#
# JRE version:  (17.0.9) (build )
# Java VM: OpenJDK 64-Bit Server VM (17.0.9+0--11185874, mixed mode, sharing, tiered, compressed oops, compressed class ptrs, g1 gc, windows-amd64)
# No core dump will be written. Minidumps are not enabled by default on client versions of Windows
#

---------------  S U M M A R Y ------------

Command Line: git4idea.http.GitAskPassApp Username for 'https://github.com': 

Host: 11th Gen Intel(R) Core(TM) i5-1135G7 @ 2.40GHz, 8 cores, 15G,  Windows 10 , 64 bit Build 19041 (10.0.19041.3636)
Time: Tue Apr  2 20:39:46 2024  Windows 10 , 64 bit Build 19041 (10.0.19041.3636) elapsed time: 0.018555 seconds (0d 0h 0m 0s)

---------------  T H R E A D  ---------------

Current thread (0x00000204a551ef60):  JavaThread "Unknown thread" [_thread_in_vm, id=6016, stack(0x0000009b70400000,0x0000009b70500000)]

Stack: [0x0000009b70400000,0x0000009b70500000]
Native frames: (J=compiled Java code, j=interpreted, Vv=VM code, C=native code)
V  [jvm.dll+0x6886e9]
V  [jvm.dll+0x841e4a]
V  [jvm.dll+0x843a8e]
V  [jvm.dll+0x8440f3]
V  [jvm.dll+0x24c14f]
V  [jvm.dll+0x685499]
V  [jvm.dll+0x679c2a]
V  [jvm.dll+0x30cf9b]
V  [jvm.dll+0x314446]
V  [jvm.dll+0x36425e]
V  [jvm.dll+0x36448f]
V  [jvm.dll+0x2e2d68]
V  [jvm.dll+0x2e3cd4]
V  [jvm.dll+0x8129f1]
V  [jvm.dll+0x3720c1]
V  [jvm.dll+0x7f152c]
V  [jvm.dll+0x3f5d4f]
V  [jvm.dll+0x3f7981]
C  [jli.dll+0x528f]
C  [ucrtbase.dll+0x21bb2]
C  [KERNEL32.DLL+0x17344]
C  [ntdll.dll+0x526b1]


---------------  P R O C E S S  ---------------

Threads class SMR info:
_java_thread_list=0x00007ffb2e45ef18, length=0, elements={
}

Java Threads: ( => current thread )

Other Threads:
  0x00000204a5588f70 GCTaskThread "GC Thread#0" [stack: 0x0000009b70500000,0x0000009b70600000] [id=19164]
  0x00000204a559a070 ConcurrentGCThread "G1 Main Marker" [stack: 0x0000009b70600000,0x0000009b70700000] [id=21332]
  0x00000204a559a9a0 ConcurrentGCThread "G1 Conc#0" [stack: 0x0000009b70700000,0x0000009b70800000] [id=18708]

[error occurred during error reporting (printing all threads), id 0xc0000005, EXCEPTION_ACCESS_VIOLATION (0xc0000005) at pc=0x00007ffb2dc13937]

VM state: not at safepoint (not fully initialized)

VM Mutex/Monitor currently owned by a thread:  ([mutex/lock_event])
[0x00000204a551a150] Heap_lock - owner thread: 0x00000204a551ef60

Heap address: 0x0000000705000000, size: 4016 MB, Compressed Oops mode: Zero based, Oop shift amount: 3

CDS archive(s) mapped at: [0x0000000000000000-0x0000000000000000-0x0000000000000000), size 0, SharedBaseAddress: 0x0000000800000000, ArchiveRelocationMode: 1.
Narrow klass base: 0x0000000000000000, Narrow klass shift: 0, Narrow klass range: 0x0

GC Precious Log:
<Empty>

Heap:
 garbage-first heap   total 0K, used 0K [0x0000000705000000, 0x0000000800000000)
  region size 2048K, 0 young (0K), 0 survivors (0K)
 Metaspace       used 0K, committed 0K, reserved 0K
  class space    used 0K, committed 0K, reserved 0K

Heap Regions: E=young(eden), S=young(survivor), O=old, HS=humongous(starts), HC=humongous(continues), CS=collection set, F=free, OA=open archive, CA=closed archive, TAMS=top-at-mark-start (previous, next)

Card table byte_map: [0x00000204b8510000,0x00000204b8cf0000] _byte_map_base: 0x00000204b4ce8000

Marking Bits (Prev, Next): (CMBitMap*) 0x00000204a55894a0, (CMBitMap*) 0x00000204a55894e0
 Prev Bits: [0x00000204b94d0000, 0x00000204bd390000)
 Next Bits: [0x00000204bd390000, 0x00000204c1250000)

GC Heap History (0 events):
No events

Dll operation events (1 events):
Event: 0.013 Loaded shared library D:\Android\jbr\bin\java.dll

Deoptimization events (0 events):
No events

Classes unloaded (0 events):
No events

Classes redefined (0 events):
No events

Internal exceptions (0 events):
No events

VM Operations (0 events):
No events

Events (0 events):
No events


Dynamic libraries:
0x00007ff7c6ce0000 - 0x00007ff7c6cea000 	D:\Android\jbr\bin\java.exe
0x00007ffb70930000 - 0x00007ffb70b28000 	C:\Windows\SYSTEM32\ntdll.dll
0x00007ffb6fb50000 - 0x00007ffb6fc0d000 	C:\Windows\System32\KERNEL32.DLL
0x00007ffb6e0e0000 - 0x00007ffb6e3d6000 	C:\Windows\System32\KERNELBASE.dll
0x00007ffb6dfe0000 - 0x00007ffb6e0e0000 	C:\Windows\System32\ucrtbase.dll
0x00007ffb5a8d0000 - 0x00007ffb5a8eb000 	D:\Android\jbr\bin\VCRUNTIME140.dll
0x00007ffb63090000 - 0x00007ffb630a7000 	D:\Android\jbr\bin\jli.dll
0x00007ffb6f230000 - 0x00007ffb6f3ce000 	C:\Windows\System32\USER32.dll
0x00007ffb6e870000 - 0x00007ffb6e892000 	C:\Windows\System32\win32u.dll
0x00007ffb6e980000 - 0x00007ffb6e9ab000 	C:\Windows\System32\GDI32.dll
0x00007ffb6e5a0000 - 0x00007ffb6e6b7000 	C:\Windows\System32\gdi32full.dll
0x00007ffb6e450000 - 0x00007ffb6e4ed000 	C:\Windows\System32\msvcp_win.dll
0x00007ffb54c20000 - 0x00007ffb54eba000 	C:\Windows\WinSxS\amd64_microsoft.windows.common-controls_6595b64144ccf1df_6.0.19041.3636_none_60b6a03d71f818d5\COMCTL32.dll
0x00007ffb70620000 - 0x00007ffb706be000 	C:\Windows\System32\msvcrt.dll
0x00007ffb6ea70000 - 0x00007ffb6eaa2000 	C:\Windows\System32\IMM32.DLL
0x00007ffb5da70000 - 0x00007ffb5da7c000 	D:\Android\jbr\bin\vcruntime140_1.dll
0x00007ffb39250000 - 0x00007ffb392dd000 	D:\Android\jbr\bin\msvcp140.dll
0x00007ffb2d920000 - 0x00007ffb2e5a3000 	D:\Android\jbr\bin\server\jvm.dll
0x00007ffb6faa0000 - 0x00007ffb6fb50000 	C:\Windows\System32\ADVAPI32.dll
0x00007ffb704f0000 - 0x00007ffb70590000 	C:\Windows\System32\sechost.dll
0x00007ffb70160000 - 0x00007ffb70285000 	C:\Windows\System32\RPCRT4.dll
0x00007ffb6e8a0000 - 0x00007ffb6e8c7000 	C:\Windows\System32\bcrypt.dll
0x00007ffb6d4f0000 - 0x00007ffb6d53b000 	C:\Windows\SYSTEM32\POWRPROF.dll
0x00007ffb6a7b0000 - 0x00007ffb6a7b9000 	C:\Windows\SYSTEM32\WSOCK32.dll
0x00007ffb70290000 - 0x00007ffb702fb000 	C:\Windows\System32\WS2_32.dll
0x00007ffb613b0000 - 0x00007ffb613ba000 	C:\Windows\SYSTEM32\VERSION.dll
0x00007ffb51ec0000 - 0x00007ffb51ee7000 	C:\Windows\SYSTEM32\WINMM.dll
0x00007ffb6d3b0000 - 0x00007ffb6d3c2000 	C:\Windows\SYSTEM32\UMPDC.dll
0x00007ffb6c7e0000 - 0x00007ffb6c7f2000 	C:\Windows\SYSTEM32\kernel.appcore.dll
0x00007ffb63580000 - 0x00007ffb6358a000 	D:\Android\jbr\bin\jimage.dll
0x00007ffb6c4e0000 - 0x00007ffb6c6c4000 	C:\Windows\SYSTEM32\DBGHELP.DLL
0x00007ffb5a3d0000 - 0x00007ffb5a404000 	C:\Windows\SYSTEM32\dbgcore.DLL
0x00007ffb6e8d0000 - 0x00007ffb6e952000 	C:\Windows\System32\bcryptPrimitives.dll
0x00007ffb634c0000 - 0x00007ffb634e5000 	D:\Android\jbr\bin\java.dll

dbghelp: loaded successfully - version: 4.0.5 - missing functions: none
symbol engine: initialized successfully - sym options: 0x614 - pdb path: .;D:\Android\jbr\bin;C:\Windows\SYSTEM32;C:\Windows\WinSxS\amd64_microsoft.windows.common-controls_6595b64144ccf1df_6.0.19041.3636_none_60b6a03d71f818d5;D:\Android\jbr\bin\server

VM Arguments:
java_command: git4idea.http.GitAskPassApp Username for 'https://github.com': 
java_class_path (initial): D:/Android/plugins/vcs-git/lib/git4idea-rt.jar;D:/Android/lib/externalProcess-rt.jar
Launcher Type: SUN_STANDARD

[Global flags]
     intx CICompilerCount                          = 4                                         {product} {ergonomic}
     uint ConcGCThreads                            = 2                                         {product} {ergonomic}
     uint G1ConcRefinementThreads                  = 8                                         {product} {ergonomic}
   size_t G1HeapRegionSize                         = 2097152                                   {product} {ergonomic}
    uintx GCDrainStackTargetSize                   = 64                                        {product} {ergonomic}
   size_t InitialHeapSize                          = 264241152                                 {product} {ergonomic}
   size_t MarkStackSize                            = 4194304                                   {product} {ergonomic}
   size_t MaxHeapSize                              = 4211081216                                {product} {ergonomic}
   size_t MinHeapDeltaBytes                        = 2097152                                   {product} {ergonomic}
   size_t MinHeapSize                              = 8388608                                   {product} {ergonomic}
    uintx NonNMethodCodeHeapSize                   = 5839372                                {pd product} {ergonomic}
    uintx NonProfiledCodeHeapSize                  = 122909434                              {pd product} {ergonomic}
    uintx ProfiledCodeHeapSize                     = 122909434                              {pd product} {ergonomic}
    uintx ReservedCodeCacheSize                    = 251658240                              {pd product} {ergonomic}
     bool SegmentedCodeCache                       = true                                      {product} {ergonomic}
   size_t SoftMaxHeapSize                          = 4211081216                             {manageable} {ergonomic}
     bool UseCompressedClassPointers               = true                           {product lp64_product} {ergonomic}
     bool UseCompressedOops                        = true                           {product lp64_product} {ergonomic}
     bool UseG1GC                                  = true                                      {product} {ergonomic}
     bool UseLargePagesIndividualAllocation        = false                                  {pd product} {ergonomic}

Logging:
Log output configuration:
 #0: stdout all=warning uptime,level,tags
 #1: stderr all=off uptime,level,tags

Environment Variables:
JAVA_HOME=C:\Program Files\Java\jre1.8.0_333
PATH=C:/Program Files/Git/mingw64/libexec/git-core;C:/Program Files/Git/mingw64/libexec/git-core;C:\Program Files\Git\mingw64\bin;C:\Program Files\Git\usr\bin;C:\Users\user\bin;C:\Program Files\Common Files\Oracle\Java\javapath;C:\Program Files (x86)\NAT Service;C:\Program Files (x86)\Common Files\Oracle\Java\javapath;C:\Windows\system32;C:\Windows;C:\Windows\System32\Wbem;C:\Windows\System32\WindowsPowerShell\v1.0\;C:\Windows\System32\OpenSSH\;C:\Program Files\nodejs\;C:\iverilog\gtkwave\bin;C:\iverilog\bin;C:\Users\user\Documents\Python Scripts;C:\Users\user\AppData\Local\Microsoft\WindowsApps\python3;C:\Users\user\AppData\Roaming\Microsoft\Windows\Start Menu\Programs\Python 3.10;C:\Users\user\AppData\Roaming\Microsoft\Windows\Start Menu\Programs\Python 3.10\python script;C:\Program Files\Git\cmd;C:\mingw64\bin;C:\Program Files\dotnet\;C:\Program Files\Bandizip\;%ANDROID_SDK_HOME%\sdk\platform-tools;C:\Users\user\AppData\Local\Microsoft\WindowsApps;C:\Users\user\AppData\Local\Programs\Microsoft VS Code\bin;C:\Users\user\AppData\Roaming\npm;C:\iverilog\bin;C:\iverilog\gtkwave\bin;C:\Users\user\.dotnet\tools
USERNAME=user
DISPLAY=:0.0
LC_ALL=en_US.UTF-8
TERM=xterm-256color
TMPDIR=C:\Users\user\AppData\Local\Temp
OS=Windows_NT
PROCESSOR_IDENTIFIER=Intel64 Family 6 Model 140 Stepping 1, GenuineIntel
TMP=C:\Users\user\AppData\Local\Temp
TEMP=C:\Users\user\AppData\Local\Temp



Periodic native trim disabled

JNI global refs:
JNI global refs: 0, weak refs: 0

JNI global refs memory usage: 0, weak refs: 0

OOME stack traces (most recent first):
Classloader memory used:


---------------  S Y S T E M  ---------------

OS:
 Windows 10 , 64 bit Build 19041 (10.0.19041.3636)
OS uptime: 1 days 3:07 hours
Hyper-V role detected

CPU: total 8 (initial active 8) (4 cores per cpu, 2 threads per core) family 6 model 140 stepping 1 microcode 0xac, cx8, cmov, fxsr, ht, mmx, 3dnowpref, sse, sse2, sse3, ssse3, sse4.1, sse4.2, popcnt, lzcnt, tsc, tscinvbit, avx, avx2, aes, erms, clmul, bmi1, bmi2, adx, avx512f, avx512dq, avx512cd, avx512bw, avx512vl, sha, fma, vzeroupper, avx512_vpopcntdq, avx512_vpclmulqdq, avx512_vaes, avx512_vnni, clflush, clflushopt, clwb, avx512_vbmi2, avx512_vbmi, hv
Processor Information for processor 0
  Max Mhz: 2419, Current Mhz: 1411, Mhz Limit: 2419
Processor Information for processor 1
  Max Mhz: 2419, Current Mhz: 2419, Mhz Limit: 2419
Processor Information for processor 2
  Max Mhz: 2419, Current Mhz: 2419, Mhz Limit: 2419
Processor Information for processor 3
  Max Mhz: 2419, Current Mhz: 2419, Mhz Limit: 2419
Processor Information for processor 4
  Max Mhz: 2419, Current Mhz: 2419, Mhz Limit: 2419
Processor Information for processor 5
  Max Mhz: 2419, Current Mhz: 2419, Mhz Limit: 2419
Processor Information for processor 6
  Max Mhz: 2419, Current Mhz: 2419, Mhz Limit: 2419
Processor Information for processor 7
  Max Mhz: 2419, Current Mhz: 1411, Mhz Limit: 2419

Memory: 4k page, system-wide physical 16057M (618M free)
TotalPageFile size 16057M (AvailPageFile size 148M)
current process WorkingSet (physical memory assigned to process): 10M, peak: 10M
current process commit charge ("private bytes"): 60M, peak: 312M

vm_info: OpenJDK 64-Bit Server VM (17.0.9+0--11185874) for windows-amd64 JRE (17.0.9+0--11185874), built on Dec  6 2023 18:57:44 by "androidbuild" with MS VC++ 16.10 / 16.11 (VS2019)

END.
