#
# There is insufficient memory for the Java Runtime Environment to continue.
# Native memory allocation (malloc) failed to allocate 1275136 bytes for Chunk::new
# Possible reasons:
#   The system is out of physical RAM or swap space
#   The process is running with CompressedOops enabled, and the Java Heap may be blocking the growth of the native heap
# Possible solutions:
#   Reduce memory load on the system
#   Increase physical memory or swap space
#   Check if swap backing store is full
#   Decrease Java heap size (-Xmx/-Xms)
#   Decrease number of Java threads
#   Decrease Java thread stack sizes (-Xss)
#   Set larger code cache with -XX:ReservedCodeCacheSize=
#   JVM is running with Zero Based Compressed Oops mode in which the Java heap is
#     placed in the first 32GB address space. The Java Heap base address is the
#     maximum limit for the native heap growth. Please use -XX:HeapBaseMinAddress
#     to set the Java Heap base and to place the Java Heap above 32GB virtual address.
# This output file may be truncated or incomplete.
#
#  Out of Memory Error (arena.cpp:191), pid=20616, tid=1912
#
# JRE version: OpenJDK Runtime Environment (17.0.9) (build 17.0.9+0--11185874)
# Java VM: OpenJDK 64-Bit Server VM (17.0.9+0--11185874, mixed mode, tiered, compressed oops, compressed class ptrs, g1 gc, windows-amd64)
# No core dump will be written. Minidumps are not enabled by default on client versions of Windows
#

---------------  S U M M A R Y ------------

Command Line: org.jetbrains.kotlin.cli.jvm.K2JVMCompiler @D:\Android\Project_NiyakNeyak\app\build\20240412_5007838375228385779.compiler.options

Host: 11th Gen Intel(R) Core(TM) i5-1135G7 @ 2.40GHz, 8 cores, 15G,  Windows 10 , 64 bit Build 19041 (10.0.19041.3636)
Time: Fri Apr 12 16:29:31 2024  Windows 10 , 64 bit Build 19041 (10.0.19041.3636) elapsed time: 20.965272 seconds (0d 0h 0m 20s)

---------------  T H R E A D  ---------------

Current thread (0x0000017c042c0230):  JavaThread "C2 CompilerThread1" daemon [_thread_in_native, id=1912, stack(0x0000006837f00000,0x0000006838000000)]


Current CompileTask:
C2:  20965 21551       4       org.jetbrains.kotlin.codegen.optimization.temporaryVals.TemporaryValsAnalyzer$StoreTrackingInterpreter::merge (96 bytes)

Stack: [0x0000006837f00000,0x0000006838000000]
Native frames: (J=compiled Java code, j=interpreted, Vv=VM code, C=native code)
V  [jvm.dll+0x6886e9]
V  [jvm.dll+0x841e4a]
V  [jvm.dll+0x843a8e]
V  [jvm.dll+0x8440f3]
V  [jvm.dll+0x24c14f]
V  [jvm.dll+0xac44c]
V  [jvm.dll+0xaca9c]
V  [jvm.dll+0x36c1f7]
V  [jvm.dll+0x1be6a2]
V  [jvm.dll+0x21df09]
V  [jvm.dll+0x21d1d1]
V  [jvm.dll+0x1a674d]
V  [jvm.dll+0x22d088]
V  [jvm.dll+0x22b1c0]
V  [jvm.dll+0x7f62f7]
V  [jvm.dll+0x7f06aa]
V  [jvm.dll+0x687565]
C  [ucrtbase.dll+0x21bb2]
C  [KERNEL32.DLL+0x17344]
C  [ntdll.dll+0x526b1]


---------------  P R O C E S S  ---------------

Threads class SMR info:
_java_thread_list=0x0000017c04060f20, length=14, elements={
0x0000017c5d26d520, 0x0000017c0404fe80, 0x0000017c04050a40, 0x0000017c0409c950,
0x0000017c0409d510, 0x0000017c0409dfd0, 0x0000017c04079690, 0x0000017c0407a290,
0x0000017c0407ac90, 0x0000017c040b82b0, 0x0000017c04226e10, 0x0000017c04238a00,
0x0000017c042c0230, 0x0000017c04f547e0
}

Java Threads: ( => current thread )
  0x0000017c5d26d520 JavaThread "main" [_thread_in_Java, id=15472, stack(0x0000006836c00000,0x0000006836d00000)]
  0x0000017c0404fe80 JavaThread "Reference Handler" daemon [_thread_blocked, id=4248, stack(0x0000006837300000,0x0000006837400000)]
  0x0000017c04050a40 JavaThread "Finalizer" daemon [_thread_blocked, id=19644, stack(0x0000006837400000,0x0000006837500000)]
  0x0000017c0409c950 JavaThread "Signal Dispatcher" daemon [_thread_blocked, id=888, stack(0x0000006837500000,0x0000006837600000)]
  0x0000017c0409d510 JavaThread "Attach Listener" daemon [_thread_blocked, id=20772, stack(0x0000006837600000,0x0000006837700000)]
  0x0000017c0409dfd0 JavaThread "Service Thread" daemon [_thread_blocked, id=9132, stack(0x0000006837700000,0x0000006837800000)]
  0x0000017c04079690 JavaThread "Monitor Deflation Thread" daemon [_thread_blocked, id=21044, stack(0x0000006837800000,0x0000006837900000)]
  0x0000017c0407a290 JavaThread "C2 CompilerThread0" daemon [_thread_in_native, id=2176, stack(0x0000006837900000,0x0000006837a00000)]
  0x0000017c0407ac90 JavaThread "C1 CompilerThread0" daemon [_thread_in_native, id=21748, stack(0x0000006837a00000,0x0000006837b00000)]
  0x0000017c040b82b0 JavaThread "Sweeper thread" daemon [_thread_blocked, id=14576, stack(0x0000006837b00000,0x0000006837c00000)]
  0x0000017c04226e10 JavaThread "Notification Thread" daemon [_thread_blocked, id=20684, stack(0x0000006837c00000,0x0000006837d00000)]
  0x0000017c04238a00 JavaThread "Common-Cleaner" daemon [_thread_blocked, id=20524, stack(0x0000006837e00000,0x0000006837f00000)]
=>0x0000017c042c0230 JavaThread "C2 CompilerThread1" daemon [_thread_in_native, id=1912, stack(0x0000006837f00000,0x0000006838000000)]
  0x0000017c04f547e0 JavaThread "C2 CompilerThread2" daemon [_thread_in_native, id=16124, stack(0x0000006838800000,0x0000006838900000)]

Other Threads:
  0x0000017c7ba12580 VMThread "VM Thread" [stack: 0x0000006837200000,0x0000006837300000] [id=18892]
  0x0000017c042272f0 WatcherThread [stack: 0x0000006837d00000,0x0000006837e00000] [id=22296]
  0x0000017c5d2d75d0 GCTaskThread "GC Thread#0" [stack: 0x0000006836d00000,0x0000006836e00000] [id=21936]
  0x0000017c04872710 GCTaskThread "GC Thread#1" [stack: 0x0000006838000000,0x0000006838100000] [id=6116]
  0x0000017c048898b0 GCTaskThread "GC Thread#2" [stack: 0x0000006838100000,0x0000006838200000] [id=8660]
  0x0000017c04889b70 GCTaskThread "GC Thread#3" [stack: 0x0000006838200000,0x0000006838300000] [id=20660]
  0x0000017c048c6070 GCTaskThread "GC Thread#4" [stack: 0x0000006838300000,0x0000006838400000] [id=21932]
  0x0000017c048c6740 GCTaskThread "GC Thread#5" [stack: 0x0000006838400000,0x0000006838500000] [id=21652]
  0x0000017c04cbc3b0 GCTaskThread "GC Thread#6" [stack: 0x0000006838500000,0x0000006838600000] [id=18276]
  0x0000017c04cbc670 GCTaskThread "GC Thread#7" [stack: 0x0000006838600000,0x0000006838700000] [id=19556]
  0x0000017c5d2e8020 ConcurrentGCThread "G1 Main Marker" [stack: 0x0000006836e00000,0x0000006836f00000] [id=2876]
  0x0000017c5d2e8a40 ConcurrentGCThread "G1 Conc#0" [stack: 0x0000006836f00000,0x0000006837000000] [id=20980]
  0x0000017c04c86030 ConcurrentGCThread "G1 Conc#1" [stack: 0x0000006838700000,0x0000006838800000] [id=19916]
  0x0000017c7b8b44f0 ConcurrentGCThread "G1 Refine#0" [stack: 0x0000006837000000,0x0000006837100000] [id=21884]
  0x0000017c05e0dfa0 ConcurrentGCThread "G1 Refine#1" [stack: 0x0000006838900000,0x0000006838a00000] [id=19488]
  0x0000017c07a532a0 ConcurrentGCThread "G1 Refine#2" [stack: 0x0000006838a00000,0x0000006838b00000] [id=9012]
  0x0000017c07a50f60 ConcurrentGCThread "G1 Refine#3" [stack: 0x0000006838b00000,0x0000006838c00000] [id=8104]
  0x0000017c07a52100 ConcurrentGCThread "G1 Refine#4" [stack: 0x0000006838c00000,0x0000006838d00000] [id=10808]
  0x0000017c7b8b4f20 ConcurrentGCThread "G1 Service" [stack: 0x0000006837100000,0x0000006837200000] [id=13480]

Threads with active compile tasks:
C2 CompilerThread0    20978 21752       4       org.jetbrains.kotlin.com.intellij.openapi.vfs.local.CoreLocalVirtualFile::hashCode (8 bytes)
C1 CompilerThread0    20979 21939       3       org.jetbrains.kotlin.types.AbstractTypeMapper::mapType (561 bytes)
C2 CompilerThread1    20979 21551       4       org.jetbrains.kotlin.codegen.optimization.temporaryVals.TemporaryValsAnalyzer$StoreTrackingInterpreter::merge (96 bytes)
C2 CompilerThread2    20979 21886       4       org.jetbrains.kotlin.codegen.signature.JvmSignatureWriter::writeParameterTypeEnd (57 bytes)

VM state: not at safepoint (normal execution)

VM Mutex/Monitor currently owned by a thread: None

Heap address: 0x0000000705000000, size: 4016 MB, Compressed Oops mode: Zero based, Oop shift amount: 3

CDS archive(s) not mapped
Compressed class space mapped at: 0x0000000800000000-0x0000000840000000, reserved size: 1073741824
Narrow klass base: 0x0000000800000000, Narrow klass shift: 0, Narrow klass range: 0x40000000

GC Precious Log:
 CPUs: 8 total, 8 available
 Memory: 16057M
 Large Page Support: Disabled
 NUMA Support: Disabled
 Compressed Oops: Enabled (Zero based)
 Heap Region Size: 2M
 Heap Min Capacity: 8M
 Heap Initial Capacity: 252M
 Heap Max Capacity: 4016M
 Pre-touch: Disabled
 Parallel Workers: 8
 Concurrent Workers: 2
 Concurrent Refinement Workers: 8
 Periodic GC: Disabled

Heap:
 garbage-first heap   total 471040K, used 243334K [0x0000000705000000, 0x0000000800000000)
  region size 2048K, 63 young (129024K), 1 survivors (2048K)
 Metaspace       used 90430K, committed 90752K, reserved 1179648K
  class space    used 9331K, committed 9472K, reserved 1048576K

Heap Regions: E=young(eden), S=young(survivor), O=old, HS=humongous(starts), HC=humongous(continues), CS=collection set, F=free, OA=open archive, CA=closed archive, TAMS=top-at-mark-start (previous, next)
|   0|0x0000000705000000, 0x0000000705200000, 0x0000000705200000|100%|HS|  |TAMS 0x0000000705200000, 0x0000000705000000| Complete 
|   1|0x0000000705200000, 0x0000000705400000, 0x0000000705400000|100%|HC|  |TAMS 0x0000000705400000, 0x0000000705200000| Complete 
|   2|0x0000000705400000, 0x0000000705600000, 0x0000000705600000|100%| O|  |TAMS 0x0000000705600000, 0x0000000705400000| Untracked 
|   3|0x0000000705600000, 0x0000000705800000, 0x0000000705800000|100%| O|  |TAMS 0x0000000705800000, 0x0000000705600000| Untracked 
|   4|0x0000000705800000, 0x0000000705a00000, 0x0000000705a00000|100%|HS|  |TAMS 0x0000000705a00000, 0x0000000705800000| Complete 
|   5|0x0000000705a00000, 0x0000000705c00000, 0x0000000705c00000|100%| O|  |TAMS 0x0000000705c00000, 0x0000000705a00000| Untracked 
|   6|0x0000000705c00000, 0x0000000705e00000, 0x0000000705e00000|100%| O|  |TAMS 0x0000000705e00000, 0x0000000705c00000| Untracked 
|   7|0x0000000705e00000, 0x0000000706000000, 0x0000000706000000|100%| O|  |TAMS 0x0000000706000000, 0x0000000705e00000| Untracked 
|   8|0x0000000706000000, 0x0000000706200000, 0x0000000706200000|100%| O|  |TAMS 0x0000000706200000, 0x0000000706000000| Untracked 
|   9|0x0000000706200000, 0x0000000706400000, 0x0000000706400000|100%| O|  |TAMS 0x0000000706400000, 0x0000000706200000| Untracked 
|  10|0x0000000706400000, 0x0000000706600000, 0x0000000706600000|100%| O|  |TAMS 0x0000000706600000, 0x0000000706400000| Untracked 
|  11|0x0000000706600000, 0x0000000706800000, 0x0000000706800000|100%| O|  |TAMS 0x0000000706800000, 0x0000000706600000| Untracked 
|  12|0x0000000706800000, 0x0000000706a00000, 0x0000000706a00000|100%| O|  |TAMS 0x0000000706a00000, 0x0000000706800000| Untracked 
|  13|0x0000000706a00000, 0x0000000706c00000, 0x0000000706c00000|100%| O|  |TAMS 0x0000000706c00000, 0x0000000706a00000| Untracked 
|  14|0x0000000706c00000, 0x0000000706e00000, 0x0000000706e00000|100%| O|  |TAMS 0x0000000706e00000, 0x0000000706c00000| Untracked 
|  15|0x0000000706e00000, 0x0000000707000000, 0x0000000707000000|100%| O|  |TAMS 0x0000000707000000, 0x0000000706e00000| Untracked 
|  16|0x0000000707000000, 0x0000000707200000, 0x0000000707200000|100%| O|  |TAMS 0x0000000707200000, 0x0000000707000000| Untracked 
|  17|0x0000000707200000, 0x0000000707400000, 0x0000000707400000|100%| O|  |TAMS 0x0000000707400000, 0x0000000707200000| Untracked 
|  18|0x0000000707400000, 0x0000000707600000, 0x0000000707600000|100%| O|  |TAMS 0x0000000707600000, 0x0000000707400000| Untracked 
|  19|0x0000000707600000, 0x0000000707800000, 0x0000000707800000|100%| O|  |TAMS 0x0000000707800000, 0x0000000707600000| Untracked 
|  20|0x0000000707800000, 0x0000000707a00000, 0x0000000707a00000|100%| O|  |TAMS 0x0000000707a00000, 0x0000000707800000| Untracked 
|  21|0x0000000707a00000, 0x0000000707c00000, 0x0000000707c00000|100%| O|  |TAMS 0x0000000707c00000, 0x0000000707a00000| Untracked 
|  22|0x0000000707c00000, 0x0000000707e00000, 0x0000000707e00000|100%| O|  |TAMS 0x0000000707c00000, 0x0000000707c00000| Untracked 
|  23|0x0000000707e00000, 0x0000000708000000, 0x0000000708000000|100%| O|  |TAMS 0x0000000707e00000, 0x0000000707e00000| Untracked 
|  24|0x0000000708000000, 0x0000000708200000, 0x0000000708200000|100%| O|  |TAMS 0x0000000708200000, 0x0000000708000000| Untracked 
|  25|0x0000000708200000, 0x0000000708400000, 0x0000000708400000|100%| O|  |TAMS 0x0000000708400000, 0x0000000708200000| Untracked 
|  26|0x0000000708400000, 0x0000000708600000, 0x0000000708600000|100%| O|  |TAMS 0x0000000708600000, 0x0000000708400000| Untracked 
|  27|0x0000000708600000, 0x0000000708800000, 0x0000000708800000|100%| O|  |TAMS 0x0000000708800000, 0x0000000708600000| Untracked 
|  28|0x0000000708800000, 0x0000000708a00000, 0x0000000708a00000|100%| O|  |TAMS 0x0000000708a00000, 0x0000000708800000| Untracked 
|  29|0x0000000708a00000, 0x0000000708c00000, 0x0000000708c00000|100%| O|  |TAMS 0x0000000708c00000, 0x0000000708a00000| Untracked 
|  30|0x0000000708c00000, 0x0000000708e00000, 0x0000000708e00000|100%| O|  |TAMS 0x0000000708e00000, 0x0000000708c00000| Untracked 
|  31|0x0000000708e00000, 0x0000000709000000, 0x0000000709000000|100%| O|  |TAMS 0x0000000709000000, 0x0000000708e00000| Untracked 
|  32|0x0000000709000000, 0x0000000709200000, 0x0000000709200000|100%| O|  |TAMS 0x0000000709200000, 0x0000000709000000| Untracked 
|  33|0x0000000709200000, 0x0000000709400000, 0x0000000709400000|100%| O|  |TAMS 0x0000000709400000, 0x0000000709200000| Untracked 
|  34|0x0000000709400000, 0x0000000709600000, 0x0000000709600000|100%| O|  |TAMS 0x0000000709600000, 0x0000000709400000| Untracked 
|  35|0x0000000709600000, 0x0000000709800000, 0x0000000709800000|100%| O|  |TAMS 0x0000000709800000, 0x0000000709600000| Untracked 
|  36|0x0000000709800000, 0x0000000709a00000, 0x0000000709a00000|100%| O|  |TAMS 0x0000000709a00000, 0x0000000709800000| Untracked 
|  37|0x0000000709a00000, 0x0000000709c00000, 0x0000000709c00000|100%| O|  |TAMS 0x0000000709c00000, 0x0000000709a00000| Untracked 
|  38|0x0000000709c00000, 0x0000000709c00000, 0x0000000709e00000|  0%| F|  |TAMS 0x0000000709c00000, 0x0000000709c00000| Untracked 
|  39|0x0000000709e00000, 0x000000070a000000, 0x000000070a000000|100%| O|  |TAMS 0x000000070a000000, 0x0000000709e00000| Untracked 
|  40|0x000000070a000000, 0x000000070a000000, 0x000000070a200000|  0%| F|  |TAMS 0x000000070a000000, 0x000000070a000000| Untracked 
|  41|0x000000070a200000, 0x000000070a400000, 0x000000070a400000|100%| O|  |TAMS 0x000000070a400000, 0x000000070a200000| Untracked 
|  42|0x000000070a400000, 0x000000070a600000, 0x000000070a600000|100%| O|  |TAMS 0x000000070a600000, 0x000000070a400000| Untracked 
|  43|0x000000070a600000, 0x000000070a600000, 0x000000070a800000|  0%| F|  |TAMS 0x000000070a600000, 0x000000070a600000| Untracked 
|  44|0x000000070a800000, 0x000000070aa00000, 0x000000070aa00000|100%| O|  |TAMS 0x000000070aa00000, 0x000000070a800000| Untracked 
|  45|0x000000070aa00000, 0x000000070aa00000, 0x000000070ac00000|  0%| F|  |TAMS 0x000000070aa00000, 0x000000070aa00000| Untracked 
|  46|0x000000070ac00000, 0x000000070ae00000, 0x000000070ae00000|100%| O|  |TAMS 0x000000070ae00000, 0x000000070ac00000| Untracked 
|  47|0x000000070ae00000, 0x000000070ae00000, 0x000000070b000000|  0%| F|  |TAMS 0x000000070ae00000, 0x000000070ae00000| Untracked 
|  48|0x000000070b000000, 0x000000070b000000, 0x000000070b200000|  0%| F|  |TAMS 0x000000070b000000, 0x000000070b000000| Untracked 
|  49|0x000000070b200000, 0x000000070b400000, 0x000000070b400000|100%| O|  |TAMS 0x000000070b400000, 0x000000070b200000| Untracked 
|  50|0x000000070b400000, 0x000000070b600000, 0x000000070b600000|100%| O|  |TAMS 0x000000070b600000, 0x000000070b400000| Untracked 
|  51|0x000000070b600000, 0x000000070b800000, 0x000000070b800000|100%| O|  |TAMS 0x000000070b800000, 0x000000070b600000| Untracked 
|  52|0x000000070b800000, 0x000000070ba00000, 0x000000070ba00000|100%| O|  |TAMS 0x000000070ba00000, 0x000000070b800000| Untracked 
|  53|0x000000070ba00000, 0x000000070bc00000, 0x000000070bc00000|100%| O|  |TAMS 0x000000070bc00000, 0x000000070ba00000| Untracked 
|  54|0x000000070bc00000, 0x000000070be00000, 0x000000070be00000|100%| O|  |TAMS 0x000000070be00000, 0x000000070bc00000| Untracked 
|  55|0x000000070be00000, 0x000000070c000000, 0x000000070c000000|100%| O|  |TAMS 0x000000070c000000, 0x000000070be00000| Untracked 
|  56|0x000000070c000000, 0x000000070c200000, 0x000000070c200000|100%| O|  |TAMS 0x000000070c200000, 0x000000070c000000| Untracked 
|  57|0x000000070c200000, 0x000000070c400000, 0x000000070c400000|100%| O|  |TAMS 0x000000070c400000, 0x000000070c200000| Untracked 
|  58|0x000000070c400000, 0x000000070c600000, 0x000000070c600000|100%| O|  |TAMS 0x000000070c600000, 0x000000070c400000| Untracked 
|  59|0x000000070c600000, 0x000000070c800000, 0x000000070c800000|100%| O|  |TAMS 0x000000070c800000, 0x000000070c600000| Untracked 
|  60|0x000000070c800000, 0x000000070ca00000, 0x000000070ca00000|100%| O|  |TAMS 0x000000070c8a2c00, 0x000000070c800000| Untracked 
|  61|0x000000070ca00000, 0x000000070cc00000, 0x000000070cc00000|100%| O|  |TAMS 0x000000070ca00000, 0x000000070ca00000| Untracked 
|  62|0x000000070cc00000, 0x000000070ce00000, 0x000000070ce00000|100%| O|  |TAMS 0x000000070cc00000, 0x000000070cc00000| Untracked 
|  63|0x000000070ce00000, 0x000000070cf34208, 0x000000070d000000| 60%| O|  |TAMS 0x000000070ce00000, 0x000000070ce00000| Untracked 
|  64|0x000000070d000000, 0x000000070d000000, 0x000000070d200000|  0%| F|  |TAMS 0x000000070d000000, 0x000000070d000000| Untracked 
|  65|0x000000070d200000, 0x000000070d200000, 0x000000070d400000|  0%| F|  |TAMS 0x000000070d200000, 0x000000070d200000| Untracked 
|  66|0x000000070d400000, 0x000000070d400000, 0x000000070d600000|  0%| F|  |TAMS 0x000000070d400000, 0x000000070d400000| Untracked 
|  67|0x000000070d600000, 0x000000070d600000, 0x000000070d800000|  0%| F|  |TAMS 0x000000070d600000, 0x000000070d600000| Untracked 
|  68|0x000000070d800000, 0x000000070d800000, 0x000000070da00000|  0%| F|  |TAMS 0x000000070d800000, 0x000000070d800000| Untracked 
|  69|0x000000070da00000, 0x000000070da00000, 0x000000070dc00000|  0%| F|  |TAMS 0x000000070da00000, 0x000000070da00000| Untracked 
|  70|0x000000070dc00000, 0x000000070dc00000, 0x000000070de00000|  0%| F|  |TAMS 0x000000070dc00000, 0x000000070dc00000| Untracked 
|  71|0x000000070de00000, 0x000000070de00000, 0x000000070e000000|  0%| F|  |TAMS 0x000000070de00000, 0x000000070de00000| Untracked 
|  72|0x000000070e000000, 0x000000070e000000, 0x000000070e200000|  0%| F|  |TAMS 0x000000070e000000, 0x000000070e000000| Untracked 
|  73|0x000000070e200000, 0x000000070e200000, 0x000000070e400000|  0%| F|  |TAMS 0x000000070e200000, 0x000000070e200000| Untracked 
|  74|0x000000070e400000, 0x000000070e400000, 0x000000070e600000|  0%| F|  |TAMS 0x000000070e400000, 0x000000070e400000| Untracked 
|  75|0x000000070e600000, 0x000000070e600000, 0x000000070e800000|  0%| F|  |TAMS 0x000000070e600000, 0x000000070e600000| Untracked 
|  76|0x000000070e800000, 0x000000070e800000, 0x000000070ea00000|  0%| F|  |TAMS 0x000000070e800000, 0x000000070e800000| Untracked 
|  77|0x000000070ea00000, 0x000000070ea00000, 0x000000070ec00000|  0%| F|  |TAMS 0x000000070ea00000, 0x000000070ea00000| Untracked 
|  78|0x000000070ec00000, 0x000000070ec00000, 0x000000070ee00000|  0%| F|  |TAMS 0x000000070ec00000, 0x000000070ec00000| Untracked 
|  79|0x000000070ee00000, 0x000000070ee00000, 0x000000070f000000|  0%| F|  |TAMS 0x000000070ee00000, 0x000000070ee00000| Untracked 
|  80|0x000000070f000000, 0x000000070f000000, 0x000000070f200000|  0%| F|  |TAMS 0x000000070f000000, 0x000000070f000000| Untracked 
|  81|0x000000070f200000, 0x000000070f200000, 0x000000070f400000|  0%| F|  |TAMS 0x000000070f200000, 0x000000070f200000| Untracked 
|  82|0x000000070f400000, 0x000000070f400000, 0x000000070f600000|  0%| F|  |TAMS 0x000000070f400000, 0x000000070f400000| Untracked 
|  83|0x000000070f600000, 0x000000070f600000, 0x000000070f800000|  0%| F|  |TAMS 0x000000070f600000, 0x000000070f600000| Untracked 
|  84|0x000000070f800000, 0x000000070f800000, 0x000000070fa00000|  0%| F|  |TAMS 0x000000070f800000, 0x000000070f800000| Untracked 
|  85|0x000000070fa00000, 0x000000070fa00000, 0x000000070fc00000|  0%| F|  |TAMS 0x000000070fa00000, 0x000000070fa00000| Untracked 
|  86|0x000000070fc00000, 0x000000070fc00000, 0x000000070fe00000|  0%| F|  |TAMS 0x000000070fc00000, 0x000000070fc00000| Untracked 
|  87|0x000000070fe00000, 0x000000070fe00000, 0x0000000710000000|  0%| F|  |TAMS 0x000000070fe00000, 0x000000070fe00000| Untracked 
|  88|0x0000000710000000, 0x0000000710000000, 0x0000000710200000|  0%| F|  |TAMS 0x0000000710000000, 0x0000000710000000| Untracked 
|  89|0x0000000710200000, 0x0000000710200000, 0x0000000710400000|  0%| F|  |TAMS 0x0000000710200000, 0x0000000710200000| Untracked 
|  90|0x0000000710400000, 0x0000000710400000, 0x0000000710600000|  0%| F|  |TAMS 0x0000000710400000, 0x0000000710400000| Untracked 
|  91|0x0000000710600000, 0x0000000710600000, 0x0000000710800000|  0%| F|  |TAMS 0x0000000710600000, 0x0000000710600000| Untracked 
|  92|0x0000000710800000, 0x0000000710800000, 0x0000000710a00000|  0%| F|  |TAMS 0x0000000710800000, 0x0000000710800000| Untracked 
|  93|0x0000000710a00000, 0x0000000710a00000, 0x0000000710c00000|  0%| F|  |TAMS 0x0000000710a00000, 0x0000000710a00000| Untracked 
|  94|0x0000000710c00000, 0x0000000710c00000, 0x0000000710e00000|  0%| F|  |TAMS 0x0000000710c00000, 0x0000000710c00000| Untracked 
|  95|0x0000000710e00000, 0x0000000710e00000, 0x0000000711000000|  0%| F|  |TAMS 0x0000000710e00000, 0x0000000710e00000| Untracked 
|  96|0x0000000711000000, 0x0000000711000000, 0x0000000711200000|  0%| F|  |TAMS 0x0000000711000000, 0x0000000711000000| Untracked 
|  97|0x0000000711200000, 0x0000000711200000, 0x0000000711400000|  0%| F|  |TAMS 0x0000000711200000, 0x0000000711200000| Untracked 
|  98|0x0000000711400000, 0x0000000711400000, 0x0000000711600000|  0%| F|  |TAMS 0x0000000711400000, 0x0000000711400000| Untracked 
|  99|0x0000000711600000, 0x0000000711600000, 0x0000000711800000|  0%| F|  |TAMS 0x0000000711600000, 0x0000000711600000| Untracked 
| 100|0x0000000711800000, 0x0000000711800000, 0x0000000711a00000|  0%| F|  |TAMS 0x0000000711800000, 0x0000000711800000| Untracked 
| 101|0x0000000711a00000, 0x0000000711a00000, 0x0000000711c00000|  0%| F|  |TAMS 0x0000000711a00000, 0x0000000711a00000| Untracked 
| 102|0x0000000711c00000, 0x0000000711c00000, 0x0000000711e00000|  0%| F|  |TAMS 0x0000000711c00000, 0x0000000711c00000| Untracked 
| 103|0x0000000711e00000, 0x0000000711e00000, 0x0000000712000000|  0%| F|  |TAMS 0x0000000711e00000, 0x0000000711e00000| Untracked 
| 104|0x0000000712000000, 0x0000000712000000, 0x0000000712200000|  0%| F|  |TAMS 0x0000000712000000, 0x0000000712000000| Untracked 
| 105|0x0000000712200000, 0x0000000712200000, 0x0000000712400000|  0%| F|  |TAMS 0x0000000712200000, 0x0000000712200000| Untracked 
| 106|0x0000000712400000, 0x0000000712400000, 0x0000000712600000|  0%| F|  |TAMS 0x0000000712400000, 0x0000000712400000| Untracked 
| 107|0x0000000712600000, 0x0000000712600000, 0x0000000712800000|  0%| F|  |TAMS 0x0000000712600000, 0x0000000712600000| Untracked 
| 108|0x0000000712800000, 0x0000000712800000, 0x0000000712a00000|  0%| F|  |TAMS 0x0000000712800000, 0x0000000712800000| Untracked 
| 109|0x0000000712a00000, 0x0000000712a00000, 0x0000000712c00000|  0%| F|  |TAMS 0x0000000712a00000, 0x0000000712a00000| Untracked 
| 110|0x0000000712c00000, 0x0000000712c6d880, 0x0000000712e00000| 21%| S|CS|TAMS 0x0000000712c00000, 0x0000000712c00000| Complete 
| 111|0x0000000712e00000, 0x0000000712e00000, 0x0000000713000000|  0%| F|  |TAMS 0x0000000712e00000, 0x0000000712e00000| Untracked 
| 112|0x0000000713000000, 0x0000000713000000, 0x0000000713200000|  0%| F|  |TAMS 0x0000000713000000, 0x0000000713000000| Untracked 
| 113|0x0000000713200000, 0x0000000713200000, 0x0000000713400000|  0%| F|  |TAMS 0x0000000713200000, 0x0000000713200000| Untracked 
| 114|0x0000000713400000, 0x0000000713400000, 0x0000000713600000|  0%| F|  |TAMS 0x0000000713400000, 0x0000000713400000| Untracked 
| 115|0x0000000713600000, 0x0000000713600000, 0x0000000713800000|  0%| F|  |TAMS 0x0000000713600000, 0x0000000713600000| Untracked 
| 116|0x0000000713800000, 0x0000000713800000, 0x0000000713a00000|  0%| F|  |TAMS 0x0000000713800000, 0x0000000713800000| Untracked 
| 117|0x0000000713a00000, 0x0000000713a00000, 0x0000000713c00000|  0%| F|  |TAMS 0x0000000713a00000, 0x0000000713a00000| Untracked 
| 118|0x0000000713c00000, 0x0000000713c00000, 0x0000000713e00000|  0%| F|  |TAMS 0x0000000713c00000, 0x0000000713c00000| Untracked 
| 119|0x0000000713e00000, 0x0000000713e00000, 0x0000000714000000|  0%| F|  |TAMS 0x0000000713e00000, 0x0000000713e00000| Untracked 
| 120|0x0000000714000000, 0x0000000714000000, 0x0000000714200000|  0%| F|  |TAMS 0x0000000714000000, 0x0000000714000000| Untracked 
| 121|0x0000000714200000, 0x0000000714200000, 0x0000000714400000|  0%| F|  |TAMS 0x0000000714200000, 0x0000000714200000| Untracked 
| 122|0x0000000714400000, 0x0000000714400000, 0x0000000714600000|  0%| F|  |TAMS 0x0000000714400000, 0x0000000714400000| Untracked 
| 123|0x0000000714600000, 0x0000000714600000, 0x0000000714800000|  0%| F|  |TAMS 0x0000000714600000, 0x0000000714600000| Untracked 
| 124|0x0000000714800000, 0x0000000714800000, 0x0000000714a00000|  0%| F|  |TAMS 0x0000000714800000, 0x0000000714800000| Untracked 
| 125|0x0000000714a00000, 0x0000000714a00000, 0x0000000714c00000|  0%| F|  |TAMS 0x0000000714a00000, 0x0000000714a00000| Untracked 
| 126|0x0000000714c00000, 0x0000000714c00000, 0x0000000714e00000|  0%| F|  |TAMS 0x0000000714c00000, 0x0000000714c00000| Untracked 
| 127|0x0000000714e00000, 0x0000000714e00000, 0x0000000715000000|  0%| F|  |TAMS 0x0000000714e00000, 0x0000000714e00000| Untracked 
| 128|0x0000000715000000, 0x0000000715000000, 0x0000000715200000|  0%| F|  |TAMS 0x0000000715000000, 0x0000000715000000| Untracked 
| 129|0x0000000715200000, 0x0000000715200000, 0x0000000715400000|  0%| F|  |TAMS 0x0000000715200000, 0x0000000715200000| Untracked 
| 130|0x0000000715400000, 0x0000000715400000, 0x0000000715600000|  0%| F|  |TAMS 0x0000000715400000, 0x0000000715400000| Untracked 
| 131|0x0000000715600000, 0x0000000715600000, 0x0000000715800000|  0%| F|  |TAMS 0x0000000715600000, 0x0000000715600000| Untracked 
| 132|0x0000000715800000, 0x0000000715800000, 0x0000000715a00000|  0%| F|  |TAMS 0x0000000715800000, 0x0000000715800000| Untracked 
| 133|0x0000000715a00000, 0x0000000715a00000, 0x0000000715c00000|  0%| F|  |TAMS 0x0000000715a00000, 0x0000000715a00000| Untracked 
| 134|0x0000000715c00000, 0x0000000715c00000, 0x0000000715e00000|  0%| F|  |TAMS 0x0000000715c00000, 0x0000000715c00000| Untracked 
| 135|0x0000000715e00000, 0x0000000715e00000, 0x0000000716000000|  0%| F|  |TAMS 0x0000000715e00000, 0x0000000715e00000| Untracked 
| 136|0x0000000716000000, 0x0000000716000000, 0x0000000716200000|  0%| F|  |TAMS 0x0000000716000000, 0x0000000716000000| Untracked 
| 137|0x0000000716200000, 0x0000000716200000, 0x0000000716400000|  0%| F|  |TAMS 0x0000000716200000, 0x0000000716200000| Untracked 
| 138|0x0000000716400000, 0x0000000716400000, 0x0000000716600000|  0%| F|  |TAMS 0x0000000716400000, 0x0000000716400000| Untracked 
| 139|0x0000000716600000, 0x0000000716600000, 0x0000000716800000|  0%| F|  |TAMS 0x0000000716600000, 0x0000000716600000| Untracked 
| 140|0x0000000716800000, 0x0000000716800000, 0x0000000716a00000|  0%| F|  |TAMS 0x0000000716800000, 0x0000000716800000| Untracked 
| 141|0x0000000716a00000, 0x0000000716a00000, 0x0000000716c00000|  0%| F|  |TAMS 0x0000000716a00000, 0x0000000716a00000| Untracked 
| 142|0x0000000716c00000, 0x0000000716c00000, 0x0000000716e00000|  0%| F|  |TAMS 0x0000000716c00000, 0x0000000716c00000| Untracked 
| 143|0x0000000716e00000, 0x0000000716e00000, 0x0000000717000000|  0%| F|  |TAMS 0x0000000716e00000, 0x0000000716e00000| Untracked 
| 144|0x0000000717000000, 0x0000000717000000, 0x0000000717200000|  0%| F|  |TAMS 0x0000000717000000, 0x0000000717000000| Untracked 
| 145|0x0000000717200000, 0x0000000717200000, 0x0000000717400000|  0%| F|  |TAMS 0x0000000717200000, 0x0000000717200000| Untracked 
| 146|0x0000000717400000, 0x0000000717400000, 0x0000000717600000|  0%| F|  |TAMS 0x0000000717400000, 0x0000000717400000| Untracked 
| 147|0x0000000717600000, 0x0000000717600000, 0x0000000717800000|  0%| F|  |TAMS 0x0000000717600000, 0x0000000717600000| Untracked 
| 148|0x0000000717800000, 0x0000000717800000, 0x0000000717a00000|  0%| F|  |TAMS 0x0000000717800000, 0x0000000717800000| Untracked 
| 149|0x0000000717a00000, 0x0000000717a00000, 0x0000000717c00000|  0%| F|  |TAMS 0x0000000717a00000, 0x0000000717a00000| Untracked 
| 150|0x0000000717c00000, 0x0000000717c00000, 0x0000000717e00000|  0%| F|  |TAMS 0x0000000717c00000, 0x0000000717c00000| Untracked 
| 151|0x0000000717e00000, 0x0000000717e00000, 0x0000000718000000|  0%| F|  |TAMS 0x0000000717e00000, 0x0000000717e00000| Untracked 
| 152|0x0000000718000000, 0x0000000718000000, 0x0000000718200000|  0%| F|  |TAMS 0x0000000718000000, 0x0000000718000000| Untracked 
| 153|0x0000000718200000, 0x0000000718200000, 0x0000000718400000|  0%| F|  |TAMS 0x0000000718200000, 0x0000000718200000| Untracked 
| 154|0x0000000718400000, 0x0000000718400000, 0x0000000718600000|  0%| F|  |TAMS 0x0000000718400000, 0x0000000718400000| Untracked 
| 155|0x0000000718600000, 0x0000000718600000, 0x0000000718800000|  0%| F|  |TAMS 0x0000000718600000, 0x0000000718600000| Untracked 
| 156|0x0000000718800000, 0x0000000718800000, 0x0000000718a00000|  0%| F|  |TAMS 0x0000000718800000, 0x0000000718800000| Untracked 
| 157|0x0000000718a00000, 0x0000000718a00000, 0x0000000718c00000|  0%| F|  |TAMS 0x0000000718a00000, 0x0000000718a00000| Untracked 
| 158|0x0000000718c00000, 0x0000000718c00000, 0x0000000718e00000|  0%| F|  |TAMS 0x0000000718c00000, 0x0000000718c00000| Untracked 
| 159|0x0000000718e00000, 0x0000000718e00000, 0x0000000719000000|  0%| F|  |TAMS 0x0000000718e00000, 0x0000000718e00000| Untracked 
| 160|0x0000000719000000, 0x0000000719000000, 0x0000000719200000|  0%| F|  |TAMS 0x0000000719000000, 0x0000000719000000| Untracked 
| 161|0x0000000719200000, 0x0000000719200000, 0x0000000719400000|  0%| F|  |TAMS 0x0000000719200000, 0x0000000719200000| Untracked 
| 162|0x0000000719400000, 0x0000000719400000, 0x0000000719600000|  0%| F|  |TAMS 0x0000000719400000, 0x0000000719400000| Untracked 
| 163|0x0000000719600000, 0x0000000719600000, 0x0000000719800000|  0%| F|  |TAMS 0x0000000719600000, 0x0000000719600000| Untracked 
| 164|0x0000000719800000, 0x0000000719800000, 0x0000000719a00000|  0%| F|  |TAMS 0x0000000719800000, 0x0000000719800000| Untracked 
| 165|0x0000000719a00000, 0x0000000719a00000, 0x0000000719c00000|  0%| F|  |TAMS 0x0000000719a00000, 0x0000000719a00000| Untracked 
| 166|0x0000000719c00000, 0x0000000719c00000, 0x0000000719e00000|  0%| F|  |TAMS 0x0000000719c00000, 0x0000000719c00000| Untracked 
| 167|0x0000000719e00000, 0x0000000719f00f88, 0x000000071a000000| 50%| E|  |TAMS 0x0000000719e00000, 0x0000000719e00000| Complete 
| 168|0x000000071a000000, 0x000000071a200000, 0x000000071a200000|100%| E|CS|TAMS 0x000000071a000000, 0x000000071a000000| Complete 
| 169|0x000000071a200000, 0x000000071a400000, 0x000000071a400000|100%| E|CS|TAMS 0x000000071a200000, 0x000000071a200000| Complete 
| 170|0x000000071a400000, 0x000000071a600000, 0x000000071a600000|100%| E|CS|TAMS 0x000000071a400000, 0x000000071a400000| Complete 
| 171|0x000000071a600000, 0x000000071a800000, 0x000000071a800000|100%| E|CS|TAMS 0x000000071a600000, 0x000000071a600000| Complete 
| 172|0x000000071a800000, 0x000000071aa00000, 0x000000071aa00000|100%| E|CS|TAMS 0x000000071a800000, 0x000000071a800000| Complete 
| 173|0x000000071aa00000, 0x000000071ac00000, 0x000000071ac00000|100%| E|CS|TAMS 0x000000071aa00000, 0x000000071aa00000| Complete 
| 174|0x000000071ac00000, 0x000000071ae00000, 0x000000071ae00000|100%| E|CS|TAMS 0x000000071ac00000, 0x000000071ac00000| Complete 
| 175|0x000000071ae00000, 0x000000071b000000, 0x000000071b000000|100%| E|CS|TAMS 0x000000071ae00000, 0x000000071ae00000| Complete 
| 176|0x000000071b000000, 0x000000071b200000, 0x000000071b200000|100%| E|CS|TAMS 0x000000071b000000, 0x000000071b000000| Complete 
| 177|0x000000071b200000, 0x000000071b400000, 0x000000071b400000|100%| E|CS|TAMS 0x000000071b200000, 0x000000071b200000| Complete 
| 178|0x000000071b400000, 0x000000071b600000, 0x000000071b600000|100%| E|CS|TAMS 0x000000071b400000, 0x000000071b400000| Complete 
| 179|0x000000071b600000, 0x000000071b800000, 0x000000071b800000|100%| E|CS|TAMS 0x000000071b600000, 0x000000071b600000| Complete 
| 180|0x000000071b800000, 0x000000071ba00000, 0x000000071ba00000|100%| E|CS|TAMS 0x000000071b800000, 0x000000071b800000| Complete 
| 181|0x000000071ba00000, 0x000000071bc00000, 0x000000071bc00000|100%| E|CS|TAMS 0x000000071ba00000, 0x000000071ba00000| Complete 
| 182|0x000000071bc00000, 0x000000071be00000, 0x000000071be00000|100%| E|CS|TAMS 0x000000071bc00000, 0x000000071bc00000| Complete 
| 183|0x000000071be00000, 0x000000071c000000, 0x000000071c000000|100%| E|CS|TAMS 0x000000071be00000, 0x000000071be00000| Complete 
| 184|0x000000071c000000, 0x000000071c200000, 0x000000071c200000|100%| E|CS|TAMS 0x000000071c000000, 0x000000071c000000| Complete 
| 185|0x000000071c200000, 0x000000071c400000, 0x000000071c400000|100%| E|CS|TAMS 0x000000071c200000, 0x000000071c200000| Complete 
| 186|0x000000071c400000, 0x000000071c600000, 0x000000071c600000|100%| E|CS|TAMS 0x000000071c400000, 0x000000071c400000| Complete 
| 187|0x000000071c600000, 0x000000071c800000, 0x000000071c800000|100%| E|CS|TAMS 0x000000071c600000, 0x000000071c600000| Complete 
| 188|0x000000071c800000, 0x000000071ca00000, 0x000000071ca00000|100%| E|CS|TAMS 0x000000071c800000, 0x000000071c800000| Complete 
| 189|0x000000071ca00000, 0x000000071cc00000, 0x000000071cc00000|100%| E|CS|TAMS 0x000000071ca00000, 0x000000071ca00000| Complete 
| 190|0x000000071cc00000, 0x000000071ce00000, 0x000000071ce00000|100%| E|CS|TAMS 0x000000071cc00000, 0x000000071cc00000| Complete 
| 191|0x000000071ce00000, 0x000000071d000000, 0x000000071d000000|100%| E|CS|TAMS 0x000000071ce00000, 0x000000071ce00000| Complete 
| 192|0x000000071d000000, 0x000000071d200000, 0x000000071d200000|100%| E|CS|TAMS 0x000000071d000000, 0x000000071d000000| Complete 
| 193|0x000000071d200000, 0x000000071d400000, 0x000000071d400000|100%| E|CS|TAMS 0x000000071d200000, 0x000000071d200000| Complete 
| 194|0x000000071d400000, 0x000000071d600000, 0x000000071d600000|100%| E|CS|TAMS 0x000000071d400000, 0x000000071d400000| Complete 
| 195|0x000000071d600000, 0x000000071d800000, 0x000000071d800000|100%| E|CS|TAMS 0x000000071d600000, 0x000000071d600000| Complete 
| 196|0x000000071d800000, 0x000000071da00000, 0x000000071da00000|100%| E|CS|TAMS 0x000000071d800000, 0x000000071d800000| Complete 
| 197|0x000000071da00000, 0x000000071dc00000, 0x000000071dc00000|100%| E|CS|TAMS 0x000000071da00000, 0x000000071da00000| Complete 
| 198|0x000000071dc00000, 0x000000071de00000, 0x000000071de00000|100%| E|CS|TAMS 0x000000071dc00000, 0x000000071dc00000| Complete 
| 199|0x000000071de00000, 0x000000071e000000, 0x000000071e000000|100%| E|CS|TAMS 0x000000071de00000, 0x000000071de00000| Complete 
| 200|0x000000071e000000, 0x000000071e200000, 0x000000071e200000|100%| E|CS|TAMS 0x000000071e000000, 0x000000071e000000| Complete 
| 201|0x000000071e200000, 0x000000071e400000, 0x000000071e400000|100%| E|CS|TAMS 0x000000071e200000, 0x000000071e200000| Complete 
| 202|0x000000071e400000, 0x000000071e600000, 0x000000071e600000|100%| E|CS|TAMS 0x000000071e400000, 0x000000071e400000| Complete 
| 203|0x000000071e600000, 0x000000071e800000, 0x000000071e800000|100%| E|CS|TAMS 0x000000071e600000, 0x000000071e600000| Complete 
| 204|0x000000071e800000, 0x000000071ea00000, 0x000000071ea00000|100%| E|CS|TAMS 0x000000071e800000, 0x000000071e800000| Complete 
| 205|0x000000071ea00000, 0x000000071ec00000, 0x000000071ec00000|100%| E|CS|TAMS 0x000000071ea00000, 0x000000071ea00000| Complete 
| 206|0x000000071ec00000, 0x000000071ee00000, 0x000000071ee00000|100%| E|CS|TAMS 0x000000071ec00000, 0x000000071ec00000| Complete 
| 207|0x000000071ee00000, 0x000000071f000000, 0x000000071f000000|100%| E|CS|TAMS 0x000000071ee00000, 0x000000071ee00000| Complete 
| 208|0x000000071f000000, 0x000000071f200000, 0x000000071f200000|100%| E|CS|TAMS 0x000000071f000000, 0x000000071f000000| Complete 
| 209|0x000000071f200000, 0x000000071f400000, 0x000000071f400000|100%| E|CS|TAMS 0x000000071f200000, 0x000000071f200000| Complete 
| 210|0x000000071f400000, 0x000000071f600000, 0x000000071f600000|100%| E|CS|TAMS 0x000000071f400000, 0x000000071f400000| Complete 
| 211|0x000000071f600000, 0x000000071f800000, 0x000000071f800000|100%| E|CS|TAMS 0x000000071f600000, 0x000000071f600000| Complete 
| 212|0x000000071f800000, 0x000000071fa00000, 0x000000071fa00000|100%| E|CS|TAMS 0x000000071f800000, 0x000000071f800000| Complete 
| 213|0x000000071fa00000, 0x000000071fc00000, 0x000000071fc00000|100%| E|CS|TAMS 0x000000071fa00000, 0x000000071fa00000| Complete 
| 214|0x000000071fc00000, 0x000000071fe00000, 0x000000071fe00000|100%| E|CS|TAMS 0x000000071fc00000, 0x000000071fc00000| Complete 
| 215|0x000000071fe00000, 0x0000000720000000, 0x0000000720000000|100%| E|CS|TAMS 0x000000071fe00000, 0x000000071fe00000| Complete 
| 216|0x0000000720000000, 0x0000000720200000, 0x0000000720200000|100%| E|CS|TAMS 0x0000000720000000, 0x0000000720000000| Complete 
| 217|0x0000000720200000, 0x0000000720400000, 0x0000000720400000|100%| E|CS|TAMS 0x0000000720200000, 0x0000000720200000| Complete 
| 218|0x0000000720400000, 0x0000000720600000, 0x0000000720600000|100%| E|CS|TAMS 0x0000000720400000, 0x0000000720400000| Complete 
| 219|0x0000000720600000, 0x0000000720800000, 0x0000000720800000|100%| E|CS|TAMS 0x0000000720600000, 0x0000000720600000| Complete 
| 220|0x0000000720800000, 0x0000000720a00000, 0x0000000720a00000|100%| E|CS|TAMS 0x0000000720800000, 0x0000000720800000| Complete 
| 221|0x0000000720a00000, 0x0000000720c00000, 0x0000000720c00000|100%| E|CS|TAMS 0x0000000720a00000, 0x0000000720a00000| Complete 
| 222|0x0000000720c00000, 0x0000000720e00000, 0x0000000720e00000|100%| E|CS|TAMS 0x0000000720c00000, 0x0000000720c00000| Complete 
| 223|0x0000000720e00000, 0x0000000721000000, 0x0000000721000000|100%| E|CS|TAMS 0x0000000720e00000, 0x0000000720e00000| Complete 
| 224|0x0000000721000000, 0x0000000721200000, 0x0000000721200000|100%| E|CS|TAMS 0x0000000721000000, 0x0000000721000000| Complete 
| 225|0x0000000721200000, 0x0000000721400000, 0x0000000721400000|100%| E|CS|TAMS 0x0000000721200000, 0x0000000721200000| Complete 
| 226|0x0000000721400000, 0x0000000721600000, 0x0000000721600000|100%| E|CS|TAMS 0x0000000721400000, 0x0000000721400000| Complete 
| 227|0x0000000721600000, 0x0000000721800000, 0x0000000721800000|100%| E|CS|TAMS 0x0000000721600000, 0x0000000721600000| Complete 
| 228|0x0000000721800000, 0x0000000721a00000, 0x0000000721a00000|100%| E|CS|TAMS 0x0000000721800000, 0x0000000721800000| Complete 
| 229|0x0000000721a00000, 0x0000000721c00000, 0x0000000721c00000|100%| E|CS|TAMS 0x0000000721a00000, 0x0000000721a00000| Complete 

Card table byte_map: [0x0000017c70260000,0x0000017c70a40000] _byte_map_base: 0x0000017c6ca38000

Marking Bits (Prev, Next): (CMBitMap*) 0x0000017c5d2d7c30, (CMBitMap*) 0x0000017c5d2d7bf0
 Prev Bits: [0x0000017c750e0000, 0x0000017c78fa0000)
 Next Bits: [0x0000017c71220000, 0x0000017c750e0000)

Polling page: 0x0000017c5b110000

Metaspace:

Usage:
  Non-class:     79.33 MB used.
      Class:      9.12 MB used.
       Both:     88.45 MB used.

Virtual space:
  Non-class space:      128.00 MB reserved,      79.50 MB ( 62%) committed,  2 nodes.
      Class space:        1.00 GB reserved,       9.25 MB ( <1%) committed,  1 nodes.
             Both:        1.12 GB reserved,      88.75 MB (  8%) committed. 

Chunk freelists:
   Non-Class:  15.84 MB
       Class:  6.75 MB
        Both:  22.59 MB

MaxMetaspaceSize: unlimited
CompressedClassSpaceSize: 1.00 GB
Initial GC threshold: 21.00 MB
Current GC threshold: 137.44 MB
CDS: off
MetaspaceReclaimPolicy: balanced
 - commit_granule_bytes: 65536.
 - commit_granule_words: 8192.
 - virtual_space_node_default_size: 8388608.
 - enlarge_chunks_in_place: 1.
 - new_chunks_are_fully_committed: 0.
 - uncommit_free_chunks: 1.
 - use_allocation_guard: 0.
 - handle_deallocations: 1.


Internal statistics:

num_allocs_failed_limit: 6.
num_arena_births: 352.
num_arena_deaths: 0.
num_vsnodes_births: 3.
num_vsnodes_deaths: 0.
num_space_committed: 1418.
num_space_uncommitted: 0.
num_chunks_returned_to_freelist: 6.
num_chunks_taken_from_freelist: 3386.
num_chunk_merges: 6.
num_chunk_splits: 2742.
num_chunks_enlarged: 2426.
num_inconsistent_stats: 0.

CodeHeap 'non-profiled nmethods': size=120000Kb used=12460Kb max_used=12460Kb free=107539Kb
 bounds [0x0000017c68220000, 0x0000017c68e50000, 0x0000017c6f750000]
CodeHeap 'profiled nmethods': size=120000Kb used=54556Kb max_used=54556Kb free=65443Kb
 bounds [0x0000017c60750000, 0x0000017c63ca0000, 0x0000017c67c80000]
CodeHeap 'non-nmethods': size=5760Kb used=1438Kb max_used=1494Kb free=4321Kb
 bounds [0x0000017c67c80000, 0x0000017c67ef0000, 0x0000017c68220000]
 total_blobs=18480 nmethods=17731 adapters=656
 compilation: enabled
              stopped_count=0, restarted_count=0
 full_count=0

Compilation events (20 events):
Event: 20.948 Thread 0x0000017c0407ac90 nmethod 21904 0x0000017c63c61a90 code [0x0000017c63c61c80, 0x0000017c63c62378]
Event: 20.948 Thread 0x0000017c0407ac90 21906       3       org.jetbrains.kotlin.codegen.inline.MaxStackFrameSizeAndLocalsCalculator::visitTypeInsn (27 bytes)
Event: 20.948 Thread 0x0000017c0407ac90 nmethod 21906 0x0000017c63c62510 code [0x0000017c63c626e0, 0x0000017c63c62b38]
Event: 20.949 Thread 0x0000017c0407ac90 21907       3       org.jetbrains.kotlin.codegen.optimization.fixStack.BasicTypeInterpreter::naryOperation (93 bytes)
Event: 20.950 Thread 0x0000017c0407ac90 nmethod 21907 0x0000017c63c62c90 code [0x0000017c63c63020, 0x0000017c63c646b8]
Event: 20.950 Thread 0x0000017c0407ac90 21908       3       org.jetbrains.kotlin.codegen.optimization.fixStack.BasicTypeInterpreter::newValue (188 bytes)
Event: 20.951 Thread 0x0000017c0407ac90 nmethod 21908 0x0000017c63c64e10 code [0x0000017c63c65360, 0x0000017c63c677e8]
Event: 20.951 Thread 0x0000017c0407ac90 21911       3       org.jetbrains.kotlin.utils.SmartIdentityTable::convertToHashMap (92 bytes)
Event: 20.952 Thread 0x0000017c0407ac90 nmethod 21911 0x0000017c63c68410 code [0x0000017c63c68700, 0x0000017c63c69858]
Event: 20.952 Thread 0x0000017c0407ac90 21910       3       org.jetbrains.kotlin.codegen.optimization.LabelNormalizationMethodTransformer$TransformerForMethod::rewriteJumpInsn (23 bytes)
Event: 20.953 Thread 0x0000017c0407ac90 nmethod 21910 0x0000017c63c69e10 code [0x0000017c63c6a1c0, 0x0000017c63c6b718]
Event: 20.953 Thread 0x0000017c0407ac90 21912       3       org.jetbrains.kotlin.codegen.optimization.nullCheck.RedundantNullCheckMethodTransformer$TransformerPass$NullabilityAssumptions::synthetic (17 bytes)
Event: 20.953 Thread 0x0000017c0407ac90 nmethod 21912 0x0000017c63c6be90 code [0x0000017c63c6c0a0, 0x0000017c63c6c728]
Event: 20.953 Thread 0x0000017c0407ac90 21913       3       org.jetbrains.kotlin.codegen.optimization.common.OptimizationBasicInterpreter::isReference (39 bytes)
Event: 20.954 Thread 0x0000017c0407ac90 nmethod 21913 0x0000017c63c6c990 code [0x0000017c63c6cb60, 0x0000017c63c6d008]
Event: 20.954 Thread 0x0000017c0407ac90 21914       3       org.jetbrains.kotlin.codegen.optimization.boxing.RedundantBoxingInterpreter::processOperationWithBoxedValue (51 bytes)
Event: 20.955 Thread 0x0000017c0407ac90 nmethod 21914 0x0000017c63c6d190 code [0x0000017c63c6d5a0, 0x0000017c63c6f378]
Event: 20.955 Thread 0x0000017c0407ac90 21915       3       org.jetbrains.kotlin.codegen.optimization.boxing.RedundantBoxingInterpreter::copyOperation (13 bytes)
Event: 20.955 Thread 0x0000017c0407ac90 nmethod 21915 0x0000017c63c6fd10 code [0x0000017c63c6fec0, 0x0000017c63c700e8]
Event: 20.956 Thread 0x0000017c0407ac90 21916       3       org.jetbrains.kotlin.codegen.optimization.temporaryVals.TemporaryValsAnalyzer$StoredValue$Store::<init> (17 bytes)

GC Heap History (20 events):
Event: 13.463 GC heap before
{Heap before GC invocations=23 (full 0):
 garbage-first heap   total 167936K, used 133326K [0x0000000705000000, 0x0000000800000000)
  region size 2048K, 22 young (45056K), 2 survivors (4096K)
 Metaspace       used 64671K, committed 64960K, reserved 1114112K
  class space    used 7150K, committed 7296K, reserved 1048576K
}
Event: 13.473 GC heap after
{Heap after GC invocations=24 (full 0):
 garbage-first heap   total 167936K, used 96321K [0x0000000705000000, 0x0000000800000000)
  region size 2048K, 2 young (4096K), 2 survivors (4096K)
 Metaspace       used 64671K, committed 64960K, reserved 1114112K
  class space    used 7150K, committed 7296K, reserved 1048576K
}
Event: 13.550 GC heap before
{Heap before GC invocations=24 (full 0):
 garbage-first heap   total 167936K, used 100417K [0x0000000705000000, 0x0000000800000000)
  region size 2048K, 4 young (8192K), 2 survivors (4096K)
 Metaspace       used 64691K, committed 65024K, reserved 1114112K
  class space    used 7150K, committed 7296K, reserved 1048576K
}
Event: 13.563 GC heap after
{Heap after GC invocations=25 (full 0):
 garbage-first heap   total 217088K, used 97282K [0x0000000705000000, 0x0000000800000000)
  region size 2048K, 1 young (2048K), 1 survivors (2048K)
 Metaspace       used 64691K, committed 65024K, reserved 1114112K
  class space    used 7150K, committed 7296K, reserved 1048576K
}
Event: 15.150 GC heap before
{Heap before GC invocations=25 (full 0):
 garbage-first heap   total 217088K, used 173058K [0x0000000705000000, 0x0000000800000000)
  region size 2048K, 38 young (77824K), 1 survivors (2048K)
 Metaspace       used 65065K, committed 65344K, reserved 1114112K
  class space    used 7159K, committed 7296K, reserved 1048576K
}
Event: 15.157 GC heap after
{Heap after GC invocations=26 (full 0):
 garbage-first heap   total 217088K, used 102025K [0x0000000705000000, 0x0000000800000000)
  region size 2048K, 3 young (6144K), 3 survivors (6144K)
 Metaspace       used 65065K, committed 65344K, reserved 1114112K
  class space    used 7159K, committed 7296K, reserved 1048576K
}
Event: 16.017 GC heap before
{Heap before GC invocations=26 (full 0):
 garbage-first heap   total 217088K, used 175753K [0x0000000705000000, 0x0000000800000000)
  region size 2048K, 39 young (79872K), 3 survivors (6144K)
 Metaspace       used 68078K, committed 68416K, reserved 1114112K
  class space    used 7438K, committed 7616K, reserved 1048576K
}
Event: 16.026 GC heap after
{Heap after GC invocations=27 (full 0):
 garbage-first heap   total 217088K, used 104661K [0x0000000705000000, 0x0000000800000000)
  region size 2048K, 2 young (4096K), 2 survivors (4096K)
 Metaspace       used 68078K, committed 68416K, reserved 1114112K
  class space    used 7438K, committed 7616K, reserved 1048576K
}
Event: 17.084 GC heap before
{Heap before GC invocations=27 (full 0):
 garbage-first heap   total 217088K, used 176341K [0x0000000705000000, 0x0000000800000000)
  region size 2048K, 37 young (75776K), 2 survivors (4096K)
 Metaspace       used 72864K, committed 73152K, reserved 1179648K
  class space    used 7862K, committed 8000K, reserved 1048576K
}
Event: 17.095 GC heap after
{Heap after GC invocations=28 (full 0):
 garbage-first heap   total 217088K, used 114688K [0x0000000705000000, 0x0000000800000000)
  region size 2048K, 5 young (10240K), 5 survivors (10240K)
 Metaspace       used 72864K, committed 73152K, reserved 1179648K
  class space    used 7862K, committed 8000K, reserved 1048576K
}
Event: 18.173 GC heap before
{Heap before GC invocations=29 (full 0):
 garbage-first heap   total 217088K, used 176128K [0x0000000705000000, 0x0000000800000000)
  region size 2048K, 35 young (71680K), 5 survivors (10240K)
 Metaspace       used 80381K, committed 80640K, reserved 1179648K
  class space    used 8556K, committed 8704K, reserved 1048576K
}
Event: 18.188 GC heap after
{Heap after GC invocations=30 (full 0):
 garbage-first heap   total 217088K, used 122850K [0x0000000705000000, 0x0000000800000000)
  region size 2048K, 4 young (8192K), 4 survivors (8192K)
 Metaspace       used 80381K, committed 80640K, reserved 1179648K
  class space    used 8556K, committed 8704K, reserved 1048576K
}
Event: 18.213 GC heap before
{Heap before GC invocations=30 (full 0):
 garbage-first heap   total 217088K, used 122850K [0x0000000705000000, 0x0000000800000000)
  region size 2048K, 5 young (10240K), 4 survivors (8192K)
 Metaspace       used 80840K, committed 81088K, reserved 1179648K
  class space    used 8621K, committed 8768K, reserved 1048576K
}
Event: 18.219 GC heap after
{Heap after GC invocations=31 (full 0):
 garbage-first heap   total 217088K, used 122938K [0x0000000705000000, 0x0000000800000000)
  region size 2048K, 1 young (2048K), 1 survivors (2048K)
 Metaspace       used 80840K, committed 81088K, reserved 1179648K
  class space    used 8621K, committed 8768K, reserved 1048576K
}
Event: 18.870 GC heap before
{Heap before GC invocations=31 (full 0):
 garbage-first heap   total 217088K, used 176186K [0x0000000705000000, 0x0000000800000000)
  region size 2048K, 27 young (55296K), 1 survivors (2048K)
 Metaspace       used 83781K, committed 84096K, reserved 1179648K
  class space    used 8874K, committed 9024K, reserved 1048576K
}
Event: 18.875 GC heap after
{Heap after GC invocations=32 (full 0):
 garbage-first heap   total 217088K, used 127203K [0x0000000705000000, 0x0000000800000000)
  region size 2048K, 3 young (6144K), 3 survivors (6144K)
 Metaspace       used 83781K, committed 84096K, reserved 1179648K
  class space    used 8874K, committed 9024K, reserved 1048576K
}
Event: 19.358 GC heap before
{Heap before GC invocations=33 (full 0):
 garbage-first heap   total 235520K, used 174307K [0x0000000705000000, 0x0000000800000000)
  region size 2048K, 27 young (55296K), 3 survivors (6144K)
 Metaspace       used 84699K, committed 85056K, reserved 1179648K
  class space    used 8919K, committed 9088K, reserved 1048576K
}
Event: 19.365 GC heap after
{Heap after GC invocations=34 (full 0):
 garbage-first heap   total 235520K, used 126976K [0x0000000705000000, 0x0000000800000000)
  region size 2048K, 1 young (2048K), 1 survivors (2048K)
 Metaspace       used 84699K, committed 85056K, reserved 1179648K
  class space    used 8919K, committed 9088K, reserved 1048576K
}
Event: 19.425 GC heap before
{Heap before GC invocations=34 (full 0):
 garbage-first heap   total 235520K, used 135168K [0x0000000705000000, 0x0000000800000000)
  region size 2048K, 5 young (10240K), 1 survivors (2048K)
 Metaspace       used 84786K, committed 85120K, reserved 1179648K
  class space    used 8928K, committed 9088K, reserved 1048576K
}
Event: 19.432 GC heap after
{Heap after GC invocations=35 (full 0):
 garbage-first heap   total 471040K, used 118406K [0x0000000705000000, 0x0000000800000000)
  region size 2048K, 1 young (2048K), 1 survivors (2048K)
 Metaspace       used 84786K, committed 85120K, reserved 1179648K
  class space    used 8928K, committed 9088K, reserved 1048576K
}

Dll operation events (2 events):
Event: 0.011 Loaded shared library D:\Android\jbr\bin\java.dll
Event: 0.709 Loaded shared library D:\Android\jbr\bin\verify.dll

Deoptimization events (20 events):
Event: 20.860 Thread 0x0000017c5d26d520 Uncommon trap: trap_request=0xffffff45 fr.pc=0x0000017c68de26a0 relative=0x0000000000002720
Event: 20.860 Thread 0x0000017c5d26d520 Uncommon trap: reason=unstable_if action=reinterpret pc=0x0000017c68de26a0 method=org.jetbrains.kotlin.ir.types.IrTypeSystemContext$DefaultImpls.isNullableType(Lorg/jetbrains/kotlin/ir/types/IrTypeSystemContext;Lorg/jetbrains/kotlin/types/model/KotlinType
Event: 20.860 Thread 0x0000017c5d26d520 DEOPT PACKING pc=0x0000017c68de26a0 sp=0x0000006836cfd490
Event: 20.860 Thread 0x0000017c5d26d520 DEOPT UNPACKING pc=0x0000017c67cda1a3 sp=0x0000006836cfd308 mode 2
Event: 20.877 Thread 0x0000017c5d26d520 Uncommon trap: trap_request=0xffffff5c fr.pc=0x0000017c68e2fac4 relative=0x00000000000003a4
Event: 20.877 Thread 0x0000017c5d26d520 Uncommon trap: reason=speculate_null_check action=make_not_entrant pc=0x0000017c68e2fac4 method=org.jetbrains.kotlin.codegen.optimization.nullCheck.RedundantNullCheckMethodTransformerKt.isCheckNotNullWithMessage(Lorg/jetbrains/org/objectweb/asm/tree/Abstr
Event: 20.877 Thread 0x0000017c5d26d520 DEOPT PACKING pc=0x0000017c68e2fac4 sp=0x0000006836cfd830
Event: 20.877 Thread 0x0000017c5d26d520 DEOPT UNPACKING pc=0x0000017c67cda1a3 sp=0x0000006836cfd770 mode 2
Event: 20.899 Thread 0x0000017c5d26d520 Uncommon trap: trap_request=0xffffff45 fr.pc=0x0000017c68e18ff8 relative=0x00000000000001d8
Event: 20.899 Thread 0x0000017c5d26d520 Uncommon trap: reason=unstable_if action=reinterpret pc=0x0000017c68e18ff8 method=gnu.trove.THash.postInsertHook(Z)V @ 49 c2
Event: 20.899 Thread 0x0000017c5d26d520 DEOPT PACKING pc=0x0000017c68e18ff8 sp=0x0000006836cfc310
Event: 20.899 Thread 0x0000017c5d26d520 DEOPT UNPACKING pc=0x0000017c67cda1a3 sp=0x0000006836cfc2b0 mode 2
Event: 20.905 Thread 0x0000017c5d26d520 Uncommon trap: trap_request=0xffffff5c fr.pc=0x0000017c68e349dc relative=0x00000000000004bc
Event: 20.905 Thread 0x0000017c5d26d520 Uncommon trap: reason=speculate_null_check action=make_not_entrant pc=0x0000017c68e349dc method=org.jetbrains.kotlin.codegen.optimization.nullCheck.RedundantNullCheckMethodTransformerKt.isCheckExpressionValueIsNotNull(Lorg/jetbrains/org/objectweb/asm/tree
Event: 20.905 Thread 0x0000017c5d26d520 DEOPT PACKING pc=0x0000017c68e349dc sp=0x0000006836cfd830
Event: 20.905 Thread 0x0000017c5d26d520 DEOPT UNPACKING pc=0x0000017c67cda1a3 sp=0x0000006836cfd770 mode 2
Event: 20.947 Thread 0x0000017c5d26d520 Uncommon trap: trap_request=0xffffffde fr.pc=0x0000017c68c3eaa8 relative=0x0000000000000168
Event: 20.947 Thread 0x0000017c5d26d520 Uncommon trap: reason=class_check action=maybe_recompile pc=0x0000017c68c3eaa8 method=org.jetbrains.kotlin.ir.symbols.impl.IrSymbolBase.getDescriptor()Lorg/jetbrains/kotlin/descriptors/DeclarationDescriptor; @ 19 c2
Event: 20.947 Thread 0x0000017c5d26d520 DEOPT PACKING pc=0x0000017c68c3eaa8 sp=0x0000006836cf9110
Event: 20.947 Thread 0x0000017c5d26d520 DEOPT UNPACKING pc=0x0000017c67cda1a3 sp=0x0000006836cf8f90 mode 2

Classes unloaded (0 events):
No events

Classes redefined (0 events):
No events

Internal exceptions (20 events):
Event: 5.991 Thread 0x0000017c5d26d520 Implicit null exception at 0x0000017c68489b1f to 0x0000017c6848d058
Event: 5.991 Thread 0x0000017c5d26d520 Implicit null exception at 0x0000017c68489b1f to 0x0000017c6848d058
Event: 5.991 Thread 0x0000017c5d26d520 Implicit null exception at 0x0000017c68489b1f to 0x0000017c6848d058
Event: 5.991 Thread 0x0000017c5d26d520 Implicit null exception at 0x0000017c684b5838 to 0x0000017c684bcd58
Event: 5.991 Thread 0x0000017c5d26d520 Implicit null exception at 0x0000017c68478516 to 0x0000017c6847e68c
Event: 6.063 Thread 0x0000017c5d26d520 Implicit null exception at 0x0000017c68460df3 to 0x0000017c684617a0
Event: 6.106 Thread 0x0000017c5d26d520 Implicit null exception at 0x0000017c683631be to 0x0000017c6836588c
Event: 6.152 Thread 0x0000017c5d26d520 Exception <a 'java/lang/NoSuchMethodError'{0x000000070b82e8b8}: 'java.lang.Object java.lang.invoke.DirectMethodHandle$Holder.invokeInterface(java.lang.Object, java.lang.Object, java.lang.Object)'> (0x000000070b82e8b8) 
thrown [s\src\hotspot\share\interpreter\linkResolver.cpp, line 771]
Event: 6.153 Thread 0x0000017c5d26d520 Exception <a 'java/lang/IncompatibleClassChangeError'{0x000000070b832778}: Found class java.lang.Object, but interface was expected> (0x000000070b832778) 
thrown [s\src\hotspot\share\interpreter\linkResolver.cpp, line 838]
Event: 6.272 Thread 0x0000017c5d26d520 Implicit null exception at 0x0000017c682803bc to 0x0000017c68281114
Event: 7.284 Thread 0x0000017c5d26d520 Exception <a 'java/lang/NoSuchMethodError'{0x000000070cf4d918}: 'java.lang.Object java.lang.invoke.DirectMethodHandle$Holder.invokeStatic(java.lang.Object, int, java.lang.Object)'> (0x000000070cf4d918) 
thrown [s\src\hotspot\share\interpreter\linkResolver.cpp, line 771]
Event: 7.291 Thread 0x0000017c5d26d520 Exception <a 'java/lang/NoSuchMethodError'{0x000000070cf77dc8}: 'java.lang.Object java.lang.invoke.DirectMethodHandle$Holder.newInvokeSpecial(java.lang.Object, int, java.lang.Object, java.lang.Object)'> (0x000000070cf77dc8) 
thrown [s\src\hotspot\share\interpreter\linkResolver.cpp, line 771]
Event: 7.688 Thread 0x0000017c5d26d520 Implicit null exception at 0x0000017c686527e5 to 0x0000017c6865312c
Event: 10.058 Thread 0x0000017c5d26d520 Implicit null exception at 0x0000017c684d579b to 0x0000017c684d5ee4
Event: 11.174 Thread 0x0000017c5d26d520 Implicit null exception at 0x0000017c6878cb6f to 0x0000017c6878cd34
Event: 15.970 Thread 0x0000017c5d26d520 Exception <a 'java/lang/NoSuchMethodError'{0x000000070e17d0b8}: 'java.lang.Object java.lang.invoke.DirectMethodHandle$Holder.invokeStaticInit(java.lang.Object, java.lang.Object, java.lang.Object, java.lang.Object)'> (0x000000070e17d0b8) 
thrown [s\src\hotspot\share\interpreter\linkResolver.cpp, line 771]
Event: 16.145 Thread 0x0000017c5d26d520 Exception <a 'java/lang/NoSuchMethodError'{0x0000000711bc7be8}: 'java.lang.Object java.lang.invoke.DirectMethodHandle$Holder.newInvokeSpecial(java.lang.Object, java.lang.Object, java.lang.Object, int, int)'> (0x0000000711bc7be8) 
thrown [s\src\hotspot\share\interpreter\linkResolver.cpp, line 771]
Event: 16.146 Thread 0x0000017c5d26d520 Exception <a 'java/lang/NoSuchMethodError'{0x0000000711bcba28}: 'java.lang.Object java.lang.invoke.DirectMethodHandle$Holder.invokeSpecial(java.lang.Object, java.lang.Object, java.lang.Object, java.lang.Object, int, int)'> (0x0000000711bcba28) 
thrown [s\src\hotspot\share\interpreter\linkResolver.cpp, line 771]
Event: 16.175 Thread 0x0000017c5d26d520 Exception <a 'java/lang/NoSuchMethodError'{0x000000071199f508}: 'java.lang.Object java.lang.invoke.Invokers$Holder.linkToTargetMethod(java.lang.Object, java.lang.Object, int, int, java.lang.Object, java.lang.Object, java.lang.Object, java.lang.Object, java.lang.Object)'> (0x000000071199f508) 
thrown [s\src\hotspot\share\interpreter\linkResolver.cpp, line 771]
Event: 16.277 Thread 0x0000017c5d26d520 Implicit null exception at 0x0000017c682f4570 to 0x0000017c682f47b4

VM Operations (20 events):
Event: 20.159 Executing VM operation: HandshakeAllThreads
Event: 20.159 Executing VM operation: HandshakeAllThreads done
Event: 20.173 Executing VM operation: ICBufferFull
Event: 20.173 Executing VM operation: ICBufferFull done
Event: 20.200 Executing VM operation: HandshakeAllThreads
Event: 20.200 Executing VM operation: HandshakeAllThreads done
Event: 20.308 Executing VM operation: HandshakeAllThreads
Event: 20.308 Executing VM operation: HandshakeAllThreads done
Event: 20.384 Executing VM operation: HandshakeAllThreads
Event: 20.384 Executing VM operation: HandshakeAllThreads done
Event: 20.389 Executing VM operation: ICBufferFull
Event: 20.389 Executing VM operation: ICBufferFull done
Event: 20.530 Executing VM operation: ICBufferFull
Event: 20.530 Executing VM operation: ICBufferFull done
Event: 20.711 Executing VM operation: ICBufferFull
Event: 20.711 Executing VM operation: ICBufferFull done
Event: 20.846 Executing VM operation: ICBufferFull
Event: 20.846 Executing VM operation: ICBufferFull done
Event: 20.947 Executing VM operation: ICBufferFull
Event: 20.947 Executing VM operation: ICBufferFull done

Events (20 events):
Event: 19.966 loading class java/lang/TypeNotPresentException
Event: 19.966 loading class java/lang/TypeNotPresentException done
Event: 20.161 Thread 0x0000017c040b82b0 flushing nmethod 0x0000017c6862eb90
Event: 20.164 Thread 0x0000017c040b82b0 flushing nmethod 0x0000017c68cf9110
Event: 20.168 Thread 0x0000017c040b82b0 flushing nmethod 0x0000017c60a14d90
Event: 20.173 Thread 0x0000017c040b82b0 flushing nmethod 0x0000017c61041490
Event: 20.176 Thread 0x0000017c040b82b0 flushing nmethod 0x0000017c61428e90
Event: 20.182 Thread 0x0000017c040b82b0 flushing nmethod 0x0000017c61d04e10
Event: 20.183 loading class java/util/Vector$Itr
Event: 20.183 loading class java/util/Vector$Itr done
Event: 20.186 Thread 0x0000017c040b82b0 flushing nmethod 0x0000017c6235dd90
Event: 20.187 Thread 0x0000017c040b82b0 flushing nmethod 0x0000017c624af510
Event: 20.192 Thread 0x0000017c040b82b0 flushing nmethod 0x0000017c62b04c90
Event: 20.193 Thread 0x0000017c040b82b0 flushing nmethod 0x0000017c62c93090
Event: 20.197 Thread 0x0000017c040b82b0 flushing nmethod 0x0000017c62fe1c10
Event: 20.197 Thread 0x0000017c040b82b0 flushing nmethod 0x0000017c63019e10
Event: 20.197 Thread 0x0000017c040b82b0 flushing nmethod 0x0000017c630b4090
Event: 20.200 Thread 0x0000017c040b82b0 flushing nmethod 0x0000017c6354de90
Event: 20.366 loading class java/util/regex/Pattern$Dollar
Event: 20.366 loading class java/util/regex/Pattern$Dollar done


Dynamic libraries:
0x00007ff68ca90000 - 0x00007ff68ca9a000 	D:\Android\jbr\bin\java.exe
0x00007fffb8fb0000 - 0x00007fffb91a8000 	C:\Windows\SYSTEM32\ntdll.dll
0x00007fffb8970000 - 0x00007fffb8a2d000 	C:\Windows\System32\KERNEL32.DLL
0x00007fffb69b0000 - 0x00007fffb6ca6000 	C:\Windows\System32\KERNELBASE.dll
0x00007fffb6e10000 - 0x00007fffb6f10000 	C:\Windows\System32\ucrtbase.dll
0x00007fffad2b0000 - 0x00007fffad2c7000 	D:\Android\jbr\bin\jli.dll
0x00007fff90120000 - 0x00007fff9013b000 	D:\Android\jbr\bin\VCRUNTIME140.dll
0x00007fffb8dd0000 - 0x00007fffb8f6e000 	C:\Windows\System32\USER32.dll
0x00007fffb68d0000 - 0x00007fffb68f2000 	C:\Windows\System32\win32u.dll
0x00007fffb8040000 - 0x00007fffb806b000 	C:\Windows\System32\GDI32.dll
0x00007fffb67b0000 - 0x00007fffb68c7000 	C:\Windows\System32\gdi32full.dll
0x00007fffb6f10000 - 0x00007fffb6fad000 	C:\Windows\System32\msvcp_win.dll
0x00007fff9baf0000 - 0x00007fff9bd8a000 	C:\Windows\WinSxS\amd64_microsoft.windows.common-controls_6595b64144ccf1df_6.0.19041.3636_none_60b6a03d71f818d5\COMCTL32.dll
0x00007fffb77b0000 - 0x00007fffb784e000 	C:\Windows\System32\msvcrt.dll
0x00007fffb85d0000 - 0x00007fffb8602000 	C:\Windows\System32\IMM32.DLL
0x00007fff98f00000 - 0x00007fff98f0c000 	D:\Android\jbr\bin\vcruntime140_1.dll
0x00007fff85170000 - 0x00007fff851fd000 	D:\Android\jbr\bin\msvcp140.dll
0x00007fff76350000 - 0x00007fff76fd3000 	D:\Android\jbr\bin\server\jvm.dll
0x00007fffb7900000 - 0x00007fffb79b0000 	C:\Windows\System32\ADVAPI32.dll
0x00007fffb8d30000 - 0x00007fffb8dd0000 	C:\Windows\System32\sechost.dll
0x00007fffb8ad0000 - 0x00007fffb8bf5000 	C:\Windows\System32\RPCRT4.dll
0x00007fffb6fb0000 - 0x00007fffb6fd7000 	C:\Windows\System32\bcrypt.dll
0x00007fff9b8a0000 - 0x00007fff9b8c7000 	C:\Windows\SYSTEM32\WINMM.dll
0x00007fffb1c00000 - 0x00007fffb1c09000 	C:\Windows\SYSTEM32\WSOCK32.dll
0x00007fffb8a50000 - 0x00007fffb8abb000 	C:\Windows\System32\WS2_32.dll
0x00007fffab640000 - 0x00007fffab64a000 	C:\Windows\SYSTEM32\VERSION.dll
0x00007fffb5f60000 - 0x00007fffb5fab000 	C:\Windows\SYSTEM32\POWRPROF.dll
0x00007fffb5f40000 - 0x00007fffb5f52000 	C:\Windows\SYSTEM32\UMPDC.dll
0x00007fffb4e60000 - 0x00007fffb4e72000 	C:\Windows\SYSTEM32\kernel.appcore.dll
0x00007fffaefa0000 - 0x00007fffaefaa000 	D:\Android\jbr\bin\jimage.dll
0x00007fffb4390000 - 0x00007fffb4574000 	C:\Windows\SYSTEM32\DBGHELP.DLL
0x00007fffa9560000 - 0x00007fffa9594000 	C:\Windows\SYSTEM32\dbgcore.DLL
0x00007fffb6660000 - 0x00007fffb66e2000 	C:\Windows\System32\bcryptPrimitives.dll
0x00007fffae880000 - 0x00007fffae8a5000 	D:\Android\jbr\bin\java.dll
0x00007fffae860000 - 0x00007fffae878000 	D:\Android\jbr\bin\zip.dll
0x00007fffb6fe0000 - 0x00007fffb774b000 	C:\Windows\System32\SHELL32.dll
0x00007fffb46b0000 - 0x00007fffb4e4e000 	C:\Windows\SYSTEM32\windows.storage.dll
0x00007fffb8610000 - 0x00007fffb8963000 	C:\Windows\System32\combase.dll
0x00007fffb5fb0000 - 0x00007fffb5fde000 	C:\Windows\SYSTEM32\Wldp.dll
0x00007fffb7c90000 - 0x00007fffb7d5d000 	C:\Windows\System32\OLEAUT32.dll
0x00007fffb7a30000 - 0x00007fffb7add000 	C:\Windows\System32\SHCORE.dll
0x00007fffb7dc0000 - 0x00007fffb7e15000 	C:\Windows\System32\shlwapi.dll
0x00007fffb6590000 - 0x00007fffb65b5000 	C:\Windows\SYSTEM32\profapi.dll
0x00007fffae840000 - 0x00007fffae859000 	D:\Android\jbr\bin\net.dll
0x00007fffb04b0000 - 0x00007fffb05ba000 	C:\Windows\SYSTEM32\WINHTTP.dll
0x00007fffb5d20000 - 0x00007fffb5d8a000 	C:\Windows\system32\mswsock.dll
0x00007fffae820000 - 0x00007fffae836000 	D:\Android\jbr\bin\nio.dll
0x00007fffae780000 - 0x00007fffae790000 	D:\Android\jbr\bin\verify.dll

dbghelp: loaded successfully - version: 4.0.5 - missing functions: none
symbol engine: initialized successfully - sym options: 0x614 - pdb path: .;D:\Android\jbr\bin;C:\Windows\SYSTEM32;C:\Windows\WinSxS\amd64_microsoft.windows.common-controls_6595b64144ccf1df_6.0.19041.3636_none_60b6a03d71f818d5;D:\Android\jbr\bin\server

VM Arguments:
java_command: org.jetbrains.kotlin.cli.jvm.K2JVMCompiler @D:\Android\Project_NiyakNeyak\app\build\20240412_5007838375228385779.compiler.options
java_class_path (initial): C:\Users\user\.gradle\caches\modules-2\files-2.1\org.jetbrains.kotlin\kotlin-compiler-embeddable\1.9.23\460f3eeb4ac5383e60a09898bafa9b63838cc2ea\kotlin-compiler-embeddable-1.9.23.jar;C:\Users\user\.gradle\caches\modules-2\files-2.1\org.jetbrains.kotlin\kotlin-stdlib\1.9.23\dbaadea1f5e68f790d242a91a38355a83ec38747\kotlin-stdlib-1.9.23.jar;C:\Users\user\.gradle\caches\modules-2\files-2.1\org.jetbrains.kotlin\kotlin-script-runtime\1.9.23\1375a7343d05891119fac57f8b50a7578420ac27\kotlin-script-runtime-1.9.23.jar;C:\Users\user\.gradle\caches\modules-2\files-2.1\org.jetbrains.kotlin\kotlin-reflect\1.6.10\1cbe9c92c12a94eea200d23c2bbaedaf3daf5132\kotlin-reflect-1.6.10.jar;C:\Users\user\.gradle\caches\modules-2\files-2.1\org.jetbrains.kotlin\kotlin-daemon-embeddable\1.9.23\a6ad5e888015dc4f9eb828ea753167f256093c6a\kotlin-daemon-embeddable-1.9.23.jar;C:\Users\user\.gradle\caches\modules-2\files-2.1\org.jetbrains.intellij.deps\trove4j\1.0.20200330\3afb14d5f9ceb459d724e907a21145e8ff394f02\trove4j-1.0.20200330.jar;C:\Users\user\.gradle\caches\modules-2\files-2.1\org.jetbrains\annotations\13.0\919f0dfe192fb4e063e7dacadee7f8bb9a2672a9\annotations-13.0.jar
Launcher Type: SUN_STANDARD

[Global flags]
     intx CICompilerCount                          = 4                                         {product} {ergonomic}
     uint ConcGCThreads                            = 2                                         {product} {ergonomic}
     uint G1ConcRefinementThreads                  = 8                                         {product} {ergonomic}
   size_t G1HeapRegionSize                         = 2097152                                   {product} {ergonomic}
    uintx GCDrainStackTargetSize                   = 64                                        {product} {ergonomic}
   size_t InitialHeapSize                          = 264241152                                 {product} {ergonomic}
   size_t MarkStackSize                            = 4194304                                   {product} {ergonomic}
   size_t MaxHeapSize                              = 4211081216                                {product} {ergonomic}
   size_t MaxNewSize                               = 2524971008                                {product} {ergonomic}
   size_t MinHeapDeltaBytes                        = 2097152                                   {product} {ergonomic}
   size_t MinHeapSize                              = 8388608                                   {product} {ergonomic}
    uintx NonNMethodCodeHeapSize                   = 5839372                                {pd product} {ergonomic}
    uintx NonProfiledCodeHeapSize                  = 122909434                              {pd product} {ergonomic}
    uintx ProfiledCodeHeapSize                     = 122909434                              {pd product} {ergonomic}
    uintx ReservedCodeCacheSize                    = 251658240                              {pd product} {ergonomic}
     bool SegmentedCodeCache                       = true                                      {product} {ergonomic}
   size_t SoftMaxHeapSize                          = 4211081216                             {manageable} {ergonomic}
     bool UseCompressedClassPointers               = true                           {product lp64_product} {ergonomic}
     bool UseCompressedOops                        = true                           {product lp64_product} {ergonomic}
     bool UseG1GC                                  = true                                      {product} {ergonomic}
     bool UseLargePagesIndividualAllocation        = false                                  {pd product} {ergonomic}

Logging:
Log output configuration:
 #0: stdout all=warning uptime,level,tags
 #1: stderr all=off uptime,level,tags

Environment Variables:
JAVA_HOME=C:\Program Files\Java\jre1.8.0_333
PATH=C:\Program Files\Common Files\Oracle\Java\javapath;C:\Program Files (x86)\NAT Service;C:\Program Files (x86)\Common Files\Oracle\Java\javapath;C:\Windows\system32;C:\Windows;C:\Windows\System32\Wbem;C:\Windows\System32\WindowsPowerShell\v1.0\;C:\Windows\System32\OpenSSH\;C:\Program Files\nodejs\;C:\iverilog\gtkwave\bin;C:\iverilog\bin;C:\Users\user\Documents\Python Scripts;C:\Users\user\AppData\Local\Microsoft\WindowsApps\python3;C:\Users\user\AppData\Roaming\Microsoft\Windows\Start Menu\Programs\Python 3.10;C:\Users\user\AppData\Roaming\Microsoft\Windows\Start Menu\Programs\Python 3.10\python script;C:\Program Files\Git\cmd;C:\mingw64\bin;C:\Program Files\dotnet\;C:\Program Files\Bandizip\;%ANDROID_SDK_HOME%\sdk\platform-tools;C:\Users\user\AppData\Local\Microsoft\WindowsApps;C:\Users\user\AppData\Roaming\npm;C:\iverilog\bin;C:\iverilog\gtkwave\bin;C:\Users\user\.dotnet\tools;C:\Users\user\AppData\Local\Programs\Microsoft VS Code\bin
USERNAME=user
OS=Windows_NT
PROCESSOR_IDENTIFIER=Intel64 Family 6 Model 140 Stepping 1, GenuineIntel
TMP=C:\Users\user\AppData\Local\Temp
TEMP=C:\Users\user\AppData\Local\Temp



Periodic native trim disabled

JNI global refs:
JNI global refs: 14, weak refs: 2

JNI global refs memory usage: 843, weak refs: 841

OOME stack traces (most recent first):
Classloader memory used:
Loader jdk.internal.loader.ClassLoaders$AppClassLoader                                 : 9900K
Loader bootstrap                                                                       : 1403K
Loader jdk.internal.reflect.DelegatingClassLoader                                      : 24637B
Loader java.net.URLClassLoader                                                         : 2922B


---------------  S Y S T E M  ---------------

OS:
 Windows 10 , 64 bit Build 19041 (10.0.19041.3636)
OS uptime: 0 days 3:47 hours
Hyper-V role detected

CPU: total 8 (initial active 8) (4 cores per cpu, 2 threads per core) family 6 model 140 stepping 1 microcode 0xac, cx8, cmov, fxsr, ht, mmx, 3dnowpref, sse, sse2, sse3, ssse3, sse4.1, sse4.2, popcnt, lzcnt, tsc, tscinvbit, avx, avx2, aes, erms, clmul, bmi1, bmi2, adx, avx512f, avx512dq, avx512cd, avx512bw, avx512vl, sha, fma, vzeroupper, avx512_vpopcntdq, avx512_vpclmulqdq, avx512_vaes, avx512_vnni, clflush, clflushopt, clwb, avx512_vbmi2, avx512_vbmi, hv
Processor Information for all 8 processors :
  Max Mhz: 2419, Current Mhz: 2419, Mhz Limit: 2419

Memory: 4k page, system-wide physical 16057M (1252M free)
TotalPageFile size 16057M (AvailPageFile size 5M)
current process WorkingSet (physical memory assigned to process): 640M, peak: 640M
current process commit charge ("private bytes"): 789M, peak: 793M

vm_info: OpenJDK 64-Bit Server VM (17.0.9+0--11185874) for windows-amd64 JRE (17.0.9+0--11185874), built on Dec  6 2023 18:57:44 by "androidbuild" with MS VC++ 16.10 / 16.11 (VS2019)

END.
