#
# There is insufficient memory for the Java Runtime Environment to continue.
# Native memory allocation (mmap) failed to map 65536 bytes for Failed to commit metaspace.
# Possible reasons:
#   The system is out of physical RAM or swap space
#   The process is running with CompressedOops enabled, and the Java Heap may be blocking the growth of the native heap
# Possible solutions:
#   Reduce memory load on the system
#   Increase physical memory or swap space
#   Check if swap backing store is full
#   Decrease Java heap size (-Xmx/-Xms)
#   Decrease number of Java threads
#   Decrease Java thread stack sizes (-Xss)
#   Set larger code cache with -XX:ReservedCodeCacheSize=
#   JVM is running with Zero Based Compressed Oops mode in which the Java heap is
#     placed in the first 32GB address space. The Java Heap base address is the
#     maximum limit for the native heap growth. Please use -XX:HeapBaseMinAddress
#     to set the Java Heap base and to place the Java Heap above 32GB virtual address.
# This output file may be truncated or incomplete.
#
#  Out of Memory Error (virtualSpaceNode.cpp:110), pid=19884, tid=19928
#
# JRE version: OpenJDK Runtime Environment (17.0.9) (build 17.0.9+0--11185874)
# Java VM: OpenJDK 64-Bit Server VM (17.0.9+0--11185874, mixed mode, tiered, compressed oops, compressed class ptrs, g1 gc, windows-amd64)
# No core dump will be written. Minidumps are not enabled by default on client versions of Windows
#

---------------  S U M M A R Y ------------

Command Line: git4idea.http.GitAskPassApp Username for 'https://github.com': 

Host: 11th Gen Intel(R) Core(TM) i5-1135G7 @ 2.40GHz, 8 cores, 15G,  Windows 10 , 64 bit Build 19041 (10.0.19041.3636)
Time: Mon Apr  1 20:00:55 2024  Windows 10 , 64 bit Build 19041 (10.0.19041.3636) elapsed time: 0.426213 seconds (0d 0h 0m 0s)

---------------  T H R E A D  ---------------

Current thread (0x000002b458aeee60):  JavaThread "main" [_thread_in_vm, id=19928, stack(0x000000bd60b00000,0x000000bd60c00000)]

Stack: [0x000000bd60b00000,0x000000bd60c00000]
Native frames: (J=compiled Java code, j=interpreted, Vv=VM code, C=native code)
V  [jvm.dll+0x6886e9]
V  [jvm.dll+0x841e4a]
V  [jvm.dll+0x843a8e]
V  [jvm.dll+0x8440f3]
V  [jvm.dll+0x24c14f]
V  [jvm.dll+0x83ce2b]
V  [jvm.dll+0x62cae6]
V  [jvm.dll+0x1c2f6e]
V  [jvm.dll+0x62f441]
V  [jvm.dll+0x62d486]
V  [jvm.dll+0x241220]
V  [jvm.dll+0x1efbab]
V  [jvm.dll+0x1e54cc]
V  [jvm.dll+0x54e1bc]
V  [jvm.dll+0x1f607b]
V  [jvm.dll+0x7ba54b]
V  [jvm.dll+0x7bb9bc]
V  [jvm.dll+0x7bc233]
V  [jvm.dll+0x1f04a4]
V  [jvm.dll+0x1e54e5]
V  [jvm.dll+0x54e1bc]
V  [jvm.dll+0x1f607b]
V  [jvm.dll+0x7ba54b]
V  [jvm.dll+0x7bb9bc]
V  [jvm.dll+0x7bc233]
V  [jvm.dll+0x1f04a4]
V  [jvm.dll+0x1e54e5]
V  [jvm.dll+0x54e1bc]
V  [jvm.dll+0x1f607b]
V  [jvm.dll+0x7ba54b]
V  [jvm.dll+0x7bb9bc]
V  [jvm.dll+0x7bc233]
V  [jvm.dll+0x1f04a4]
V  [jvm.dll+0x1e54e5]
V  [jvm.dll+0x54e1bc]
V  [jvm.dll+0x1f607b]
V  [jvm.dll+0x7ba54b]
V  [jvm.dll+0x7bb9bc]
V  [jvm.dll+0x7bbd08]
V  [jvm.dll+0x243bae]
V  [jvm.dll+0x3882ce]
C  0x000002b46351b6ee

The last pc belongs to new (printed below).
Java frames: (J=compiled Java code, j=interpreted, Vv=VM code)
j  sun.security.ssl.SSLSocketFactoryImpl.createSocket()Ljava/net/Socket;+0 java.base@17.0.9
j  javax.net.ssl.SSLContextSpi.getDefaultSocket()Ljavax/net/ssl/SSLSocket;+6 java.base@17.0.9
j  javax.net.ssl.SSLContextSpi.engineGetDefaultSSLParameters()Ljavax/net/ssl/SSLParameters;+1 java.base@17.0.9
j  javax.net.ssl.SSLContext.getDefaultSSLParameters()Ljavax/net/ssl/SSLParameters;+4 java.base@17.0.9
j  jdk.internal.net.http.HttpClientImpl.getDefaultParams(Ljavax/net/ssl/SSLContext;)Ljavax/net/ssl/SSLParameters;+1 java.net.http@17.0.9
j  jdk.internal.net.http.HttpClientImpl.<init>(Ljdk/internal/net/http/HttpClientBuilderImpl;Ljdk/internal/net/http/HttpClientImpl$SingleFacadeFactory;)V+418 java.net.http@17.0.9
j  jdk.internal.net.http.HttpClientImpl.create(Ljdk/internal/net/http/HttpClientBuilderImpl;)Ljdk/internal/net/http/HttpClientFacade;+14 java.net.http@17.0.9
j  jdk.internal.net.http.HttpClientBuilderImpl.build()Ljava/net/http/HttpClient;+1 java.net.http@17.0.9
j  externalApp.ExternalAppUtil.sendIdeRequest(Ljava/lang/String;ILjava/lang/String;Ljava/lang/String;)LexternalApp/ExternalAppUtil$Result;+77
j  git4idea.http.GitAskPassApp.main([Ljava/lang/String;)V+37
v  ~StubRoutines::call_stub
new  187 new  [0x000002b46351b560, 0x000002b46351b780]  544 bytes
[MachCode]
  0x000002b46351b560: 4883 ec08 | c5fa 1104 | 24eb 1f48 | 83ec 10c5 | fb11 0424 | eb14 4883 | ec10 4889 | 0424 48c7 
  0x000002b46351b580: 4424 0800 | 0000 00eb | 0150 410f | b755 010f | cac1 ea10 | 488b 4de8 | 488b 4908 | 488b 4908 
  0x000002b46351b5a0: 488b 4108 | 807c 1004 | 070f 85df | 0000 0066 | 8b54 d148 | 488b 4928 | 488b 4cd1 | 0851 80b9 
  0x000002b46351b5c0: 5b01 0000 | 040f 85c2 | 0000 008b | 5108 f7c2 | 0100 0000 | 0f85 b300 | 0000 498b | 8708 0100 
  0x000002b46351b5e0: 0048 8d1c | 1049 3b9f | 1801 0000 | 0f87 9b00 | 0000 4989 | 9f08 0100 | 00e9 0000 | 0000 4883 
  0x000002b46351b600: ea10 0f84 | 0f00 0000 | 33c9 c1ea | 0348 894c | d008 48ff | ca75 f648 | c700 0100 | 0000 5933 
  0x000002b46351b620: f689 700c | 49ba 0000 | 0000 0800 | 0000 492b | ca89 4808 | 49ba 3e39 | 432f fb7f | 0000 4180 
  0x000002b46351b640: 3a00 0f84 | 4000 0000 | 5048 8bc8 | 4883 ec20 | f7c4 0f00 | 0000 0f84 | 1a00 0000 | 4883 ec08 
  0x000002b46351b660: 49ba f0ec | f82e fb7f | 0000 41ff | d248 83c4 | 08e9 0d00 | 0000 49ba | f0ec f82e | fb7f 0000 
  0x000002b46351b680: 41ff d248 | 83c4 2058 | e9cd 0000 | 0059 488b | 55e8 488b | 5208 488b | 5208 450f | b745 0141 
  0x000002b46351b6a0: 0fc8 41c1 | e810 e805 | 0000 00e9 | aa00 0000 | 488d 4424 | 084c 896d | c049 8bcf | c5f8 7749 
  0x000002b46351b6c0: 89af a802 | 0000 4989 | 8798 0200 | 0048 83ec | 20f7 c40f | 0000 000f | 841a 0000 | 0048 83ec 
  0x000002b46351b6e0: 0849 ba80 | 82c2 2efb | 7f00 0041 | ffd2 4883 | c408 e90d | 0000 0049 | ba80 82c2 | 2efb 7f00 
  0x000002b46351b700: 0041 ffd2 | 4883 c420 | 49c7 8798 | 0200 0000 | 0000 0049 | c787 a802 | 0000 0000 | 0000 49c7 
  0x000002b46351b720: 87a0 0200 | 0000 0000 | 00c5 f877 | 4981 7f08 | 0000 0000 | 0f84 0500 | 0000 e9c1 | 57fe ff49 
  0x000002b46351b740: 8b87 f002 | 0000 49c7 | 87f0 0200 | 0000 0000 | 004c 8b6d | c04c 8b75 | c8c3 410f | b65d 0349 
  0x000002b46351b760: 83c5 0349 | ba40 9f45 | 2ffb 7f00 | 0041 ff24 | da0f 1f80 | 0000 0000 | 0000 0000 | 0000 0000 
[/MachCode]

---------------  P R O C E S S  ---------------

Threads class SMR info:
_java_thread_list=0x000002b4775ca250, length=12, elements={
0x000002b458aeee60, 0x000002b477445270, 0x000002b477445e30, 0x000002b477470430,
0x000002b477470ff0, 0x000002b477471ab0, 0x000002b47749e040, 0x000002b47749ec40,
0x000002b47749f6f0, 0x000002b4774a00f0, 0x000002b477609160, 0x000002b477611900
}

Java Threads: ( => current thread )
=>0x000002b458aeee60 JavaThread "main" [_thread_in_vm, id=19928, stack(0x000000bd60b00000,0x000000bd60c00000)]
  0x000002b477445270 JavaThread "Reference Handler" daemon [_thread_blocked, id=11528, stack(0x000000bd61200000,0x000000bd61300000)]
  0x000002b477445e30 JavaThread "Finalizer" daemon [_thread_blocked, id=8920, stack(0x000000bd61300000,0x000000bd61400000)]
  0x000002b477470430 JavaThread "Signal Dispatcher" daemon [_thread_blocked, id=2816, stack(0x000000bd61400000,0x000000bd61500000)]
  0x000002b477470ff0 JavaThread "Attach Listener" daemon [_thread_blocked, id=4068, stack(0x000000bd61500000,0x000000bd61600000)]
  0x000002b477471ab0 JavaThread "Service Thread" daemon [_thread_blocked, id=9688, stack(0x000000bd61600000,0x000000bd61700000)]
  0x000002b47749e040 JavaThread "Monitor Deflation Thread" daemon [_thread_blocked, id=20156, stack(0x000000bd61700000,0x000000bd61800000)]
  0x000002b47749ec40 JavaThread "C2 CompilerThread0" daemon [_thread_blocked, id=17468, stack(0x000000bd61800000,0x000000bd61900000)]
  0x000002b47749f6f0 JavaThread "C1 CompilerThread0" daemon [_thread_blocked, id=20044, stack(0x000000bd61900000,0x000000bd61a00000)]
  0x000002b4774a00f0 JavaThread "Sweeper thread" daemon [_thread_blocked, id=5820, stack(0x000000bd61a00000,0x000000bd61b00000)]
  0x000002b477609160 JavaThread "Notification Thread" daemon [_thread_blocked, id=10964, stack(0x000000bd61b00000,0x000000bd61c00000)]
  0x000002b477611900 JavaThread "Common-Cleaner" daemon [_thread_blocked, id=16728, stack(0x000000bd61d00000,0x000000bd61e00000)]

Other Threads:
  0x000002b4772aeac0 VMThread "VM Thread" [stack: 0x000000bd61100000,0x000000bd61200000] [id=19192]
  0x000002b477609640 WatcherThread [stack: 0x000000bd61c00000,0x000000bd61d00000] [id=14916]
  0x000002b458b580d0 GCTaskThread "GC Thread#0" [stack: 0x000000bd60c00000,0x000000bd60d00000] [id=8600]
  0x000002b458b68b20 ConcurrentGCThread "G1 Main Marker" [stack: 0x000000bd60d00000,0x000000bd60e00000] [id=16868]
  0x000002b458b69540 ConcurrentGCThread "G1 Conc#0" [stack: 0x000000bd60e00000,0x000000bd60f00000] [id=17068]
  0x000002b458bae6f0 ConcurrentGCThread "G1 Refine#0" [stack: 0x000000bd60f00000,0x000000bd61000000] [id=10232]
  0x000002b477146660 ConcurrentGCThread "G1 Service" [stack: 0x000000bd61000000,0x000000bd61100000] [id=7956]

Threads with active compile tasks:

VM state: not at safepoint (normal execution)

VM Mutex/Monitor currently owned by a thread:  ([mutex/lock_event])
[0x000002b458ae7ff0] Metaspace_lock - owner thread: 0x000002b458aeee60

Heap address: 0x0000000705000000, size: 4016 MB, Compressed Oops mode: Zero based, Oop shift amount: 3

CDS archive(s) not mapped
Compressed class space mapped at: 0x0000000800000000-0x0000000840000000, reserved size: 1073741824
Narrow klass base: 0x0000000800000000, Narrow klass shift: 0, Narrow klass range: 0x40000000

GC Precious Log:
 CPUs: 8 total, 8 available
 Memory: 16057M
 Large Page Support: Disabled
 NUMA Support: Disabled
 Compressed Oops: Enabled (Zero based)
 Heap Region Size: 2M
 Heap Min Capacity: 8M
 Heap Initial Capacity: 252M
 Heap Max Capacity: 4016M
 Pre-touch: Disabled
 Parallel Workers: 8
 Concurrent Workers: 2
 Concurrent Refinement Workers: 8
 Periodic GC: Disabled

Heap:
 garbage-first heap   total 258048K, used 6144K [0x0000000705000000, 0x0000000800000000)
  region size 2048K, 4 young (8192K), 0 survivors (0K)
 Metaspace       used 10998K, committed 11136K, reserved 1114112K
  class space    used 1059K, committed 1152K, reserved 1048576K

Heap Regions: E=young(eden), S=young(survivor), O=old, HS=humongous(starts), HC=humongous(continues), CS=collection set, F=free, OA=open archive, CA=closed archive, TAMS=top-at-mark-start (previous, next)
|   0|0x0000000705000000, 0x0000000705000000, 0x0000000705200000|  0%| F|  |TAMS 0x0000000705000000, 0x0000000705000000| Untracked 
|   1|0x0000000705200000, 0x0000000705200000, 0x0000000705400000|  0%| F|  |TAMS 0x0000000705200000, 0x0000000705200000| Untracked 
|   2|0x0000000705400000, 0x0000000705400000, 0x0000000705600000|  0%| F|  |TAMS 0x0000000705400000, 0x0000000705400000| Untracked 
|   3|0x0000000705600000, 0x0000000705600000, 0x0000000705800000|  0%| F|  |TAMS 0x0000000705600000, 0x0000000705600000| Untracked 
|   4|0x0000000705800000, 0x0000000705800000, 0x0000000705a00000|  0%| F|  |TAMS 0x0000000705800000, 0x0000000705800000| Untracked 
|   5|0x0000000705a00000, 0x0000000705a00000, 0x0000000705c00000|  0%| F|  |TAMS 0x0000000705a00000, 0x0000000705a00000| Untracked 
|   6|0x0000000705c00000, 0x0000000705c00000, 0x0000000705e00000|  0%| F|  |TAMS 0x0000000705c00000, 0x0000000705c00000| Untracked 
|   7|0x0000000705e00000, 0x0000000705e00000, 0x0000000706000000|  0%| F|  |TAMS 0x0000000705e00000, 0x0000000705e00000| Untracked 
|   8|0x0000000706000000, 0x0000000706000000, 0x0000000706200000|  0%| F|  |TAMS 0x0000000706000000, 0x0000000706000000| Untracked 
|   9|0x0000000706200000, 0x0000000706200000, 0x0000000706400000|  0%| F|  |TAMS 0x0000000706200000, 0x0000000706200000| Untracked 
|  10|0x0000000706400000, 0x0000000706400000, 0x0000000706600000|  0%| F|  |TAMS 0x0000000706400000, 0x0000000706400000| Untracked 
|  11|0x0000000706600000, 0x0000000706600000, 0x0000000706800000|  0%| F|  |TAMS 0x0000000706600000, 0x0000000706600000| Untracked 
|  12|0x0000000706800000, 0x0000000706800000, 0x0000000706a00000|  0%| F|  |TAMS 0x0000000706800000, 0x0000000706800000| Untracked 
|  13|0x0000000706a00000, 0x0000000706a00000, 0x0000000706c00000|  0%| F|  |TAMS 0x0000000706a00000, 0x0000000706a00000| Untracked 
|  14|0x0000000706c00000, 0x0000000706c00000, 0x0000000706e00000|  0%| F|  |TAMS 0x0000000706c00000, 0x0000000706c00000| Untracked 
|  15|0x0000000706e00000, 0x0000000706e00000, 0x0000000707000000|  0%| F|  |TAMS 0x0000000706e00000, 0x0000000706e00000| Untracked 
|  16|0x0000000707000000, 0x0000000707000000, 0x0000000707200000|  0%| F|  |TAMS 0x0000000707000000, 0x0000000707000000| Untracked 
|  17|0x0000000707200000, 0x0000000707200000, 0x0000000707400000|  0%| F|  |TAMS 0x0000000707200000, 0x0000000707200000| Untracked 
|  18|0x0000000707400000, 0x0000000707400000, 0x0000000707600000|  0%| F|  |TAMS 0x0000000707400000, 0x0000000707400000| Untracked 
|  19|0x0000000707600000, 0x0000000707600000, 0x0000000707800000|  0%| F|  |TAMS 0x0000000707600000, 0x0000000707600000| Untracked 
|  20|0x0000000707800000, 0x0000000707800000, 0x0000000707a00000|  0%| F|  |TAMS 0x0000000707800000, 0x0000000707800000| Untracked 
|  21|0x0000000707a00000, 0x0000000707a00000, 0x0000000707c00000|  0%| F|  |TAMS 0x0000000707a00000, 0x0000000707a00000| Untracked 
|  22|0x0000000707c00000, 0x0000000707c00000, 0x0000000707e00000|  0%| F|  |TAMS 0x0000000707c00000, 0x0000000707c00000| Untracked 
|  23|0x0000000707e00000, 0x0000000707e00000, 0x0000000708000000|  0%| F|  |TAMS 0x0000000707e00000, 0x0000000707e00000| Untracked 
|  24|0x0000000708000000, 0x0000000708000000, 0x0000000708200000|  0%| F|  |TAMS 0x0000000708000000, 0x0000000708000000| Untracked 
|  25|0x0000000708200000, 0x0000000708200000, 0x0000000708400000|  0%| F|  |TAMS 0x0000000708200000, 0x0000000708200000| Untracked 
|  26|0x0000000708400000, 0x0000000708400000, 0x0000000708600000|  0%| F|  |TAMS 0x0000000708400000, 0x0000000708400000| Untracked 
|  27|0x0000000708600000, 0x0000000708600000, 0x0000000708800000|  0%| F|  |TAMS 0x0000000708600000, 0x0000000708600000| Untracked 
|  28|0x0000000708800000, 0x0000000708800000, 0x0000000708a00000|  0%| F|  |TAMS 0x0000000708800000, 0x0000000708800000| Untracked 
|  29|0x0000000708a00000, 0x0000000708a00000, 0x0000000708c00000|  0%| F|  |TAMS 0x0000000708a00000, 0x0000000708a00000| Untracked 
|  30|0x0000000708c00000, 0x0000000708c00000, 0x0000000708e00000|  0%| F|  |TAMS 0x0000000708c00000, 0x0000000708c00000| Untracked 
|  31|0x0000000708e00000, 0x0000000708e00000, 0x0000000709000000|  0%| F|  |TAMS 0x0000000708e00000, 0x0000000708e00000| Untracked 
|  32|0x0000000709000000, 0x0000000709000000, 0x0000000709200000|  0%| F|  |TAMS 0x0000000709000000, 0x0000000709000000| Untracked 
|  33|0x0000000709200000, 0x0000000709200000, 0x0000000709400000|  0%| F|  |TAMS 0x0000000709200000, 0x0000000709200000| Untracked 
|  34|0x0000000709400000, 0x0000000709400000, 0x0000000709600000|  0%| F|  |TAMS 0x0000000709400000, 0x0000000709400000| Untracked 
|  35|0x0000000709600000, 0x0000000709600000, 0x0000000709800000|  0%| F|  |TAMS 0x0000000709600000, 0x0000000709600000| Untracked 
|  36|0x0000000709800000, 0x0000000709800000, 0x0000000709a00000|  0%| F|  |TAMS 0x0000000709800000, 0x0000000709800000| Untracked 
|  37|0x0000000709a00000, 0x0000000709a00000, 0x0000000709c00000|  0%| F|  |TAMS 0x0000000709a00000, 0x0000000709a00000| Untracked 
|  38|0x0000000709c00000, 0x0000000709c00000, 0x0000000709e00000|  0%| F|  |TAMS 0x0000000709c00000, 0x0000000709c00000| Untracked 
|  39|0x0000000709e00000, 0x0000000709e00000, 0x000000070a000000|  0%| F|  |TAMS 0x0000000709e00000, 0x0000000709e00000| Untracked 
|  40|0x000000070a000000, 0x000000070a000000, 0x000000070a200000|  0%| F|  |TAMS 0x000000070a000000, 0x000000070a000000| Untracked 
|  41|0x000000070a200000, 0x000000070a200000, 0x000000070a400000|  0%| F|  |TAMS 0x000000070a200000, 0x000000070a200000| Untracked 
|  42|0x000000070a400000, 0x000000070a400000, 0x000000070a600000|  0%| F|  |TAMS 0x000000070a400000, 0x000000070a400000| Untracked 
|  43|0x000000070a600000, 0x000000070a600000, 0x000000070a800000|  0%| F|  |TAMS 0x000000070a600000, 0x000000070a600000| Untracked 
|  44|0x000000070a800000, 0x000000070a800000, 0x000000070aa00000|  0%| F|  |TAMS 0x000000070a800000, 0x000000070a800000| Untracked 
|  45|0x000000070aa00000, 0x000000070aa00000, 0x000000070ac00000|  0%| F|  |TAMS 0x000000070aa00000, 0x000000070aa00000| Untracked 
|  46|0x000000070ac00000, 0x000000070ac00000, 0x000000070ae00000|  0%| F|  |TAMS 0x000000070ac00000, 0x000000070ac00000| Untracked 
|  47|0x000000070ae00000, 0x000000070ae00000, 0x000000070b000000|  0%| F|  |TAMS 0x000000070ae00000, 0x000000070ae00000| Untracked 
|  48|0x000000070b000000, 0x000000070b000000, 0x000000070b200000|  0%| F|  |TAMS 0x000000070b000000, 0x000000070b000000| Untracked 
|  49|0x000000070b200000, 0x000000070b200000, 0x000000070b400000|  0%| F|  |TAMS 0x000000070b200000, 0x000000070b200000| Untracked 
|  50|0x000000070b400000, 0x000000070b400000, 0x000000070b600000|  0%| F|  |TAMS 0x000000070b400000, 0x000000070b400000| Untracked 
|  51|0x000000070b600000, 0x000000070b600000, 0x000000070b800000|  0%| F|  |TAMS 0x000000070b600000, 0x000000070b600000| Untracked 
|  52|0x000000070b800000, 0x000000070b800000, 0x000000070ba00000|  0%| F|  |TAMS 0x000000070b800000, 0x000000070b800000| Untracked 
|  53|0x000000070ba00000, 0x000000070ba00000, 0x000000070bc00000|  0%| F|  |TAMS 0x000000070ba00000, 0x000000070ba00000| Untracked 
|  54|0x000000070bc00000, 0x000000070bc00000, 0x000000070be00000|  0%| F|  |TAMS 0x000000070bc00000, 0x000000070bc00000| Untracked 
|  55|0x000000070be00000, 0x000000070be00000, 0x000000070c000000|  0%| F|  |TAMS 0x000000070be00000, 0x000000070be00000| Untracked 
|  56|0x000000070c000000, 0x000000070c000000, 0x000000070c200000|  0%| F|  |TAMS 0x000000070c000000, 0x000000070c000000| Untracked 
|  57|0x000000070c200000, 0x000000070c200000, 0x000000070c400000|  0%| F|  |TAMS 0x000000070c200000, 0x000000070c200000| Untracked 
|  58|0x000000070c400000, 0x000000070c400000, 0x000000070c600000|  0%| F|  |TAMS 0x000000070c400000, 0x000000070c400000| Untracked 
|  59|0x000000070c600000, 0x000000070c600000, 0x000000070c800000|  0%| F|  |TAMS 0x000000070c600000, 0x000000070c600000| Untracked 
|  60|0x000000070c800000, 0x000000070c800000, 0x000000070ca00000|  0%| F|  |TAMS 0x000000070c800000, 0x000000070c800000| Untracked 
|  61|0x000000070ca00000, 0x000000070ca00000, 0x000000070cc00000|  0%| F|  |TAMS 0x000000070ca00000, 0x000000070ca00000| Untracked 
|  62|0x000000070cc00000, 0x000000070cc00000, 0x000000070ce00000|  0%| F|  |TAMS 0x000000070cc00000, 0x000000070cc00000| Untracked 
|  63|0x000000070ce00000, 0x000000070ce00000, 0x000000070d000000|  0%| F|  |TAMS 0x000000070ce00000, 0x000000070ce00000| Untracked 
|  64|0x000000070d000000, 0x000000070d000000, 0x000000070d200000|  0%| F|  |TAMS 0x000000070d000000, 0x000000070d000000| Untracked 
|  65|0x000000070d200000, 0x000000070d200000, 0x000000070d400000|  0%| F|  |TAMS 0x000000070d200000, 0x000000070d200000| Untracked 
|  66|0x000000070d400000, 0x000000070d400000, 0x000000070d600000|  0%| F|  |TAMS 0x000000070d400000, 0x000000070d400000| Untracked 
|  67|0x000000070d600000, 0x000000070d600000, 0x000000070d800000|  0%| F|  |TAMS 0x000000070d600000, 0x000000070d600000| Untracked 
|  68|0x000000070d800000, 0x000000070d800000, 0x000000070da00000|  0%| F|  |TAMS 0x000000070d800000, 0x000000070d800000| Untracked 
|  69|0x000000070da00000, 0x000000070da00000, 0x000000070dc00000|  0%| F|  |TAMS 0x000000070da00000, 0x000000070da00000| Untracked 
|  70|0x000000070dc00000, 0x000000070dc00000, 0x000000070de00000|  0%| F|  |TAMS 0x000000070dc00000, 0x000000070dc00000| Untracked 
|  71|0x000000070de00000, 0x000000070de00000, 0x000000070e000000|  0%| F|  |TAMS 0x000000070de00000, 0x000000070de00000| Untracked 
|  72|0x000000070e000000, 0x000000070e000000, 0x000000070e200000|  0%| F|  |TAMS 0x000000070e000000, 0x000000070e000000| Untracked 
|  73|0x000000070e200000, 0x000000070e200000, 0x000000070e400000|  0%| F|  |TAMS 0x000000070e200000, 0x000000070e200000| Untracked 
|  74|0x000000070e400000, 0x000000070e400000, 0x000000070e600000|  0%| F|  |TAMS 0x000000070e400000, 0x000000070e400000| Untracked 
|  75|0x000000070e600000, 0x000000070e600000, 0x000000070e800000|  0%| F|  |TAMS 0x000000070e600000, 0x000000070e600000| Untracked 
|  76|0x000000070e800000, 0x000000070e800000, 0x000000070ea00000|  0%| F|  |TAMS 0x000000070e800000, 0x000000070e800000| Untracked 
|  77|0x000000070ea00000, 0x000000070ea00000, 0x000000070ec00000|  0%| F|  |TAMS 0x000000070ea00000, 0x000000070ea00000| Untracked 
|  78|0x000000070ec00000, 0x000000070ec00000, 0x000000070ee00000|  0%| F|  |TAMS 0x000000070ec00000, 0x000000070ec00000| Untracked 
|  79|0x000000070ee00000, 0x000000070ee00000, 0x000000070f000000|  0%| F|  |TAMS 0x000000070ee00000, 0x000000070ee00000| Untracked 
|  80|0x000000070f000000, 0x000000070f000000, 0x000000070f200000|  0%| F|  |TAMS 0x000000070f000000, 0x000000070f000000| Untracked 
|  81|0x000000070f200000, 0x000000070f200000, 0x000000070f400000|  0%| F|  |TAMS 0x000000070f200000, 0x000000070f200000| Untracked 
|  82|0x000000070f400000, 0x000000070f400000, 0x000000070f600000|  0%| F|  |TAMS 0x000000070f400000, 0x000000070f400000| Untracked 
|  83|0x000000070f600000, 0x000000070f600000, 0x000000070f800000|  0%| F|  |TAMS 0x000000070f600000, 0x000000070f600000| Untracked 
|  84|0x000000070f800000, 0x000000070f800000, 0x000000070fa00000|  0%| F|  |TAMS 0x000000070f800000, 0x000000070f800000| Untracked 
|  85|0x000000070fa00000, 0x000000070fa00000, 0x000000070fc00000|  0%| F|  |TAMS 0x000000070fa00000, 0x000000070fa00000| Untracked 
|  86|0x000000070fc00000, 0x000000070fc00000, 0x000000070fe00000|  0%| F|  |TAMS 0x000000070fc00000, 0x000000070fc00000| Untracked 
|  87|0x000000070fe00000, 0x000000070fe00000, 0x0000000710000000|  0%| F|  |TAMS 0x000000070fe00000, 0x000000070fe00000| Untracked 
|  88|0x0000000710000000, 0x0000000710000000, 0x0000000710200000|  0%| F|  |TAMS 0x0000000710000000, 0x0000000710000000| Untracked 
|  89|0x0000000710200000, 0x0000000710200000, 0x0000000710400000|  0%| F|  |TAMS 0x0000000710200000, 0x0000000710200000| Untracked 
|  90|0x0000000710400000, 0x0000000710400000, 0x0000000710600000|  0%| F|  |TAMS 0x0000000710400000, 0x0000000710400000| Untracked 
|  91|0x0000000710600000, 0x0000000710600000, 0x0000000710800000|  0%| F|  |TAMS 0x0000000710600000, 0x0000000710600000| Untracked 
|  92|0x0000000710800000, 0x0000000710800000, 0x0000000710a00000|  0%| F|  |TAMS 0x0000000710800000, 0x0000000710800000| Untracked 
|  93|0x0000000710a00000, 0x0000000710a00000, 0x0000000710c00000|  0%| F|  |TAMS 0x0000000710a00000, 0x0000000710a00000| Untracked 
|  94|0x0000000710c00000, 0x0000000710c00000, 0x0000000710e00000|  0%| F|  |TAMS 0x0000000710c00000, 0x0000000710c00000| Untracked 
|  95|0x0000000710e00000, 0x0000000710e00000, 0x0000000711000000|  0%| F|  |TAMS 0x0000000710e00000, 0x0000000710e00000| Untracked 
|  96|0x0000000711000000, 0x0000000711000000, 0x0000000711200000|  0%| F|  |TAMS 0x0000000711000000, 0x0000000711000000| Untracked 
|  97|0x0000000711200000, 0x0000000711200000, 0x0000000711400000|  0%| F|  |TAMS 0x0000000711200000, 0x0000000711200000| Untracked 
|  98|0x0000000711400000, 0x0000000711400000, 0x0000000711600000|  0%| F|  |TAMS 0x0000000711400000, 0x0000000711400000| Untracked 
|  99|0x0000000711600000, 0x0000000711600000, 0x0000000711800000|  0%| F|  |TAMS 0x0000000711600000, 0x0000000711600000| Untracked 
| 100|0x0000000711800000, 0x0000000711800000, 0x0000000711a00000|  0%| F|  |TAMS 0x0000000711800000, 0x0000000711800000| Untracked 
| 101|0x0000000711a00000, 0x0000000711a00000, 0x0000000711c00000|  0%| F|  |TAMS 0x0000000711a00000, 0x0000000711a00000| Untracked 
| 102|0x0000000711c00000, 0x0000000711c00000, 0x0000000711e00000|  0%| F|  |TAMS 0x0000000711c00000, 0x0000000711c00000| Untracked 
| 103|0x0000000711e00000, 0x0000000711e00000, 0x0000000712000000|  0%| F|  |TAMS 0x0000000711e00000, 0x0000000711e00000| Untracked 
| 104|0x0000000712000000, 0x0000000712000000, 0x0000000712200000|  0%| F|  |TAMS 0x0000000712000000, 0x0000000712000000| Untracked 
| 105|0x0000000712200000, 0x0000000712200000, 0x0000000712400000|  0%| F|  |TAMS 0x0000000712200000, 0x0000000712200000| Untracked 
| 106|0x0000000712400000, 0x0000000712400000, 0x0000000712600000|  0%| F|  |TAMS 0x0000000712400000, 0x0000000712400000| Untracked 
| 107|0x0000000712600000, 0x0000000712600000, 0x0000000712800000|  0%| F|  |TAMS 0x0000000712600000, 0x0000000712600000| Untracked 
| 108|0x0000000712800000, 0x0000000712800000, 0x0000000712a00000|  0%| F|  |TAMS 0x0000000712800000, 0x0000000712800000| Untracked 
| 109|0x0000000712a00000, 0x0000000712a00000, 0x0000000712c00000|  0%| F|  |TAMS 0x0000000712a00000, 0x0000000712a00000| Untracked 
| 110|0x0000000712c00000, 0x0000000712c00000, 0x0000000712e00000|  0%| F|  |TAMS 0x0000000712c00000, 0x0000000712c00000| Untracked 
| 111|0x0000000712e00000, 0x0000000712e00000, 0x0000000713000000|  0%| F|  |TAMS 0x0000000712e00000, 0x0000000712e00000| Untracked 
| 112|0x0000000713000000, 0x0000000713000000, 0x0000000713200000|  0%| F|  |TAMS 0x0000000713000000, 0x0000000713000000| Untracked 
| 113|0x0000000713200000, 0x0000000713200000, 0x0000000713400000|  0%| F|  |TAMS 0x0000000713200000, 0x0000000713200000| Untracked 
| 114|0x0000000713400000, 0x0000000713400000, 0x0000000713600000|  0%| F|  |TAMS 0x0000000713400000, 0x0000000713400000| Untracked 
| 115|0x0000000713600000, 0x0000000713600000, 0x0000000713800000|  0%| F|  |TAMS 0x0000000713600000, 0x0000000713600000| Untracked 
| 116|0x0000000713800000, 0x0000000713800000, 0x0000000713a00000|  0%| F|  |TAMS 0x0000000713800000, 0x0000000713800000| Untracked 
| 117|0x0000000713a00000, 0x0000000713a00000, 0x0000000713c00000|  0%| F|  |TAMS 0x0000000713a00000, 0x0000000713a00000| Untracked 
| 118|0x0000000713c00000, 0x0000000713c00000, 0x0000000713e00000|  0%| F|  |TAMS 0x0000000713c00000, 0x0000000713c00000| Untracked 
| 119|0x0000000713e00000, 0x0000000713e00000, 0x0000000714000000|  0%| F|  |TAMS 0x0000000713e00000, 0x0000000713e00000| Untracked 
| 120|0x0000000714000000, 0x0000000714000000, 0x0000000714200000|  0%| F|  |TAMS 0x0000000714000000, 0x0000000714000000| Untracked 
| 121|0x0000000714200000, 0x0000000714200000, 0x0000000714400000|  0%| F|  |TAMS 0x0000000714200000, 0x0000000714200000| Untracked 
| 122|0x0000000714400000, 0x00000007144e6a40, 0x0000000714600000| 45%| E|  |TAMS 0x0000000714400000, 0x0000000714400000| Complete 
| 123|0x0000000714600000, 0x0000000714800000, 0x0000000714800000|100%| E|CS|TAMS 0x0000000714600000, 0x0000000714600000| Complete 
| 124|0x0000000714800000, 0x0000000714a00000, 0x0000000714a00000|100%| E|CS|TAMS 0x0000000714800000, 0x0000000714800000| Complete 
| 125|0x0000000714a00000, 0x0000000714c00000, 0x0000000714c00000|100%| E|CS|TAMS 0x0000000714a00000, 0x0000000714a00000| Complete 

Card table byte_map: [0x000002b46bae0000,0x000002b46c2c0000] _byte_map_base: 0x000002b4682b8000

Marking Bits (Prev, Next): (CMBitMap*) 0x000002b458b586f0, (CMBitMap*) 0x000002b458b58730
 Prev Bits: [0x000002b46caa0000, 0x000002b470960000)
 Next Bits: [0x000002b470960000, 0x000002b474820000)

Polling page: 0x000002b456a60000

Metaspace:

Usage:
  Non-class:      9.71 MB used.
      Class:      1.03 MB used.
       Both:     10.74 MB used.

Virtual space:
  Non-class space:       64.00 MB reserved,       9.75 MB ( 15%) committed,  1 nodes.
      Class space:        1.00 GB reserved,       1.12 MB ( <1%) committed,  1 nodes.
             Both:        1.06 GB reserved,      10.88 MB ( <1%) committed. 

Chunk freelists:
   Non-Class:  6.01 MB
       Class:  14.73 MB
        Both:  20.74 MB

MaxMetaspaceSize: unlimited
CompressedClassSpaceSize: 1.00 GB
Initial GC threshold: 21.00 MB
Current GC threshold: 21.00 MB
CDS: off
MetaspaceReclaimPolicy: balanced
 - commit_granule_bytes: 65536.
 - commit_granule_words: 8192.
 - virtual_space_node_default_size: 8388608.
 - enlarge_chunks_in_place: 1.
 - new_chunks_are_fully_committed: 0.
 - uncommit_free_chunks: 1.
 - use_allocation_guard: 0.
 - handle_deallocations: 1.


Internal statistics:

num_allocs_failed_limit: 0.
num_arena_births: 56.
num_arena_deaths: 0.
num_vsnodes_births: 2.
num_vsnodes_deaths: 0.
num_space_committed: 174.
num_space_uncommitted: 0.
num_chunks_returned_to_freelist: 0.
num_chunks_taken_from_freelist: 110.
num_chunk_merges: 0.
num_chunk_splits: 60.
num_chunks_enlarged: 33.
num_inconsistent_stats: 0.

CodeHeap 'non-profiled nmethods': size=120000Kb used=172Kb max_used=172Kb free=119827Kb
 bounds [0x000002b463aa0000, 0x000002b463d10000, 0x000002b46afd0000]
CodeHeap 'profiled nmethods': size=120000Kb used=847Kb max_used=847Kb free=119153Kb
 bounds [0x000002b45bfd0000, 0x000002b45c240000, 0x000002b463500000]
CodeHeap 'non-nmethods': size=5760Kb used=1164Kb max_used=1178Kb free=4595Kb
 bounds [0x000002b463500000, 0x000002b463770000, 0x000002b463aa0000]
 total_blobs=1040 nmethods=598 adapters=355
 compilation: enabled
              stopped_count=0, restarted_count=0
 full_count=0

Compilation events (20 events):
Event: 0.417 Thread 0x000002b47749f6f0  588       3       jdk.internal.org.objectweb.asm.MethodWriter::visitVarInsn (302 bytes)
Event: 0.418 Thread 0x000002b47749f6f0 nmethod 588 0x000002b45c09e010 code [0x000002b45c09e260, 0x000002b45c09ec08]
Event: 0.418 Thread 0x000002b47749f6f0  589       3       jdk.internal.org.objectweb.asm.SymbolTable::hash (15 bytes)
Event: 0.418 Thread 0x000002b47749f6f0 nmethod 589 0x000002b45c09ee90 code [0x000002b45c09f040, 0x000002b45c09f1d8]
Event: 0.418 Thread 0x000002b47749f6f0  590       3       jdk.internal.org.objectweb.asm.SymbolTable$Entry::<init> (18 bytes)
Event: 0.418 Thread 0x000002b47749f6f0 nmethod 590 0x000002b45c09f310 code [0x000002b45c09f4c0, 0x000002b45c09f648]
Event: 0.418 Thread 0x000002b47749f6f0  591       3       java.lang.invoke.MethodType::erase (8 bytes)
Event: 0.418 Thread 0x000002b47749f6f0 nmethod 591 0x000002b45c09f710 code [0x000002b45c09f8a0, 0x000002b45c09f9d8]
Event: 0.419 Thread 0x000002b47749f6f0  592       3       jdk.internal.jimage.ImageStringsReader::match (11 bytes)
Event: 0.420 Thread 0x000002b47749f6f0 nmethod 592 0x000002b45c09fa90 code [0x000002b45c09fc40, 0x000002b45c09fe08]
Event: 0.420 Thread 0x000002b47749f6f0  593       3       jdk.internal.jimage.BasicImageReader::match (37 bytes)
Event: 0.420 Thread 0x000002b47749f6f0 nmethod 593 0x000002b45c09ff10 code [0x000002b45c0a00e0, 0x000002b45c0a0398]
Event: 0.421 Thread 0x000002b47749ec40  595   !   4       java.nio.DirectByteBuffer::get (34 bytes)
Event: 0.421 Thread 0x000002b47749ec40 nmethod 595 0x000002b463acaf10 code [0x000002b463acb0a0, 0x000002b463acb1b8]
Event: 0.422 Thread 0x000002b47749f6f0  596       3       java.lang.invoke.LambdaForm$NamedFunction::methodType (23 bytes)
Event: 0.422 Thread 0x000002b47749f6f0 nmethod 596 0x000002b45c0a0510 code [0x000002b45c0a06c0, 0x000002b45c0a0928]
Event: 0.422 Thread 0x000002b47749f6f0  597       3       jdk.internal.org.objectweb.asm.Type::getArgumentsAndReturnSizes (140 bytes)
Event: 0.423 Thread 0x000002b47749f6f0 nmethod 597 0x000002b45c0a0a10 code [0x000002b45c0a0e00, 0x000002b45c0a2c58]
Event: 0.423 Thread 0x000002b47749f6f0  598       3       jdk.internal.org.objectweb.asm.Frame::pop (42 bytes)
Event: 0.423 Thread 0x000002b47749f6f0 nmethod 598 0x000002b45c0a3790 code [0x000002b45c0a3940, 0x000002b45c0a3af8]

GC Heap History (0 events):
No events

Dll operation events (1 events):
Event: 0.007 Loaded shared library D:\Android\jbr\bin\java.dll

Deoptimization events (4 events):
Event: 0.384 Thread 0x000002b458aeee60 Uncommon trap: trap_request=0xffffff45 fr.pc=0x000002b463abbb9c relative=0x00000000000004fc
Event: 0.384 Thread 0x000002b458aeee60 Uncommon trap: reason=unstable_if action=reinterpret pc=0x000002b463abbb9c method=java.lang.AbstractStringBuilder.putStringAt(ILjava/lang/String;II)V @ 8 c2
Event: 0.384 Thread 0x000002b458aeee60 DEOPT PACKING pc=0x000002b463abbb9c sp=0x000000bd60bfdb50
Event: 0.384 Thread 0x000002b458aeee60 DEOPT UNPACKING pc=0x000002b46355a1a3 sp=0x000000bd60bfd9e8 mode 2

Classes unloaded (0 events):
No events

Classes redefined (0 events):
No events

Internal exceptions (16 events):
Event: 0.255 Thread 0x000002b458aeee60 Exception <a 'sun/nio/fs/WindowsException'{0x0000000714974d68}> (0x0000000714974d68) 
thrown [s\src\hotspot\share\prims\jni.cpp, line 517]
Event: 0.267 Thread 0x000002b458aeee60 Exception <a 'java/lang/NoSuchMethodError'{0x000000071499fd90}: 'int java.lang.invoke.DirectMethodHandle$Holder.invokeStaticInit(java.lang.Object, java.lang.Object, java.lang.Object, java.lang.Object)'> (0x000000071499fd90) 
thrown [s\src\hotspot\share\interpreter\linkResolver.cpp, line 771]
Event: 0.269 Thread 0x000002b458aeee60 Exception <a 'java/lang/NoSuchMethodError'{0x00000007149aaa60}: 'java.lang.Object java.lang.invoke.DirectMethodHandle$Holder.invokeInterface(java.lang.Object, java.lang.Object)'> (0x00000007149aaa60) 
thrown [s\src\hotspot\share\interpreter\linkResolver.cpp, line 771]
Event: 0.269 Thread 0x000002b458aeee60 Exception <a 'java/lang/IncompatibleClassChangeError'{0x00000007149ae380}: Found class java.lang.Object, but interface was expected> (0x00000007149ae380) 
thrown [s\src\hotspot\share\interpreter\linkResolver.cpp, line 838]
Event: 0.269 Thread 0x000002b458aeee60 Exception <a 'java/lang/NoSuchMethodError'{0x00000007149b1730}: 'void java.lang.invoke.DirectMethodHandle$Holder.invokeStatic(java.lang.Object, java.lang.Object)'> (0x00000007149b1730) 
thrown [s\src\hotspot\share\interpreter\linkResolver.cpp, line 771]
Event: 0.270 Thread 0x000002b458aeee60 Exception <a 'java/lang/NoSuchMethodError'{0x00000007149b5048}: 'void java.lang.invoke.DirectMethodHandle$Holder.invokeStaticInit(java.lang.Object, java.lang.Object)'> (0x00000007149b5048) 
thrown [s\src\hotspot\share\interpreter\linkResolver.cpp, line 771]
Event: 0.271 Thread 0x000002b458aeee60 Exception <a 'java/lang/NoSuchMethodError'{0x00000007149bb8c0}: 'int java.lang.invoke.DirectMethodHandle$Holder.invokeStaticInit(java.lang.Object, java.lang.Object)'> (0x00000007149bb8c0) 
thrown [s\src\hotspot\share\interpreter\linkResolver.cpp, line 771]
Event: 0.299 Thread 0x000002b458aeee60 Exception <a 'java/lang/NoSuchMethodError'{0x00000007146a2130}: 'java.lang.Object java.lang.invoke.DirectMethodHandle$Holder.invokeStaticInit(java.lang.Object, int, int, int, int)'> (0x00000007146a2130) 
thrown [s\src\hotspot\share\interpreter\linkResolver.cpp, line 771]
Event: 0.385 Thread 0x000002b458aeee60 Exception <a 'java/lang/NoSuchMethodError'{0x000000071475b4a0}: 'java.lang.Object java.lang.invoke.DirectMethodHandle$Holder.invokeStaticInit(java.lang.Object, java.lang.Object, int, int, int, int)'> (0x000000071475b4a0) 
thrown [s\src\hotspot\share\interpreter\linkResolver.cpp, line 771]
Event: 0.393 Thread 0x000002b458aeee60 Exception <a 'java/lang/NoSuchMethodError'{0x00000007147c40f8}: 'java.lang.Object java.lang.invoke.DirectMethodHandle$Holder.invokeStatic(java.lang.Object, java.lang.Object, int)'> (0x00000007147c40f8) 
thrown [s\src\hotspot\share\interpreter\linkResolver.cpp, line 771]
Event: 0.393 Thread 0x000002b458aeee60 Exception <a 'java/lang/NoSuchMethodError'{0x00000007147c7870}: 'java.lang.Object java.lang.invoke.DirectMethodHandle$Holder.invokeStaticInit(java.lang.Object, java.lang.Object, int)'> (0x00000007147c7870) 
thrown [s\src\hotspot\share\interpreter\linkResolver.cpp, line 771]
Event: 0.394 Thread 0x000002b458aeee60 Exception <a 'java/lang/NoSuchMethodError'{0x00000007147cdc20}: 'java.lang.Object java.lang.invoke.DirectMethodHandle$Holder.newInvokeSpecial(java.lang.Object, java.lang.Object, int)'> (0x00000007147cdc20) 
thrown [s\src\hotspot\share\interpreter\linkResolver.cpp, line 771]
Event: 0.396 Thread 0x000002b458aeee60 Exception <a 'java/lang/NoSuchMethodError'{0x00000007147dd248}: 'int java.lang.invoke.DirectMethodHandle$Holder.invokeStaticInit(java.lang.Object, java.lang.Object, java.lang.Object)'> (0x00000007147dd248) 
thrown [s\src\hotspot\share\interpreter\linkResolver.cpp, line 771]
Event: 0.397 Thread 0x000002b458aeee60 Exception <a 'java/lang/NoSuchMethodError'{0x00000007147ed428}: 'int java.lang.invoke.DirectMethodHandle$Holder.invokeSpecial(java.lang.Object, java.lang.Object, java.lang.Object)'> (0x00000007147ed428) 
thrown [s\src\hotspot\share\interpreter\linkResolver.cpp, line 771]
Event: 0.398 Thread 0x000002b458aeee60 Exception <a 'java/lang/NoSuchMethodError'{0x00000007147f5808}: 'int java.lang.invoke.DirectMethodHandle$Holder.invokeSpecialIFC(java.lang.Object, java.lang.Object, java.lang.Object)'> (0x00000007147f5808) 
thrown [s\src\hotspot\share\interpreter\linkResolver.cpp, line 771]
Event: 0.422 Thread 0x000002b458aeee60 Exception <a 'java/lang/NoSuchMethodError'{0x00000007144828a8}: 'java.lang.Object java.lang.invoke.DirectMethodHandle$Holder.invokeStaticInit(java.lang.Object)'> (0x00000007144828a8) 
thrown [s\src\hotspot\share\interpreter\linkResolver.cpp, line 771]

VM Operations (6 events):
Event: 0.177 Executing VM operation: HandshakeAllThreads
Event: 0.177 Executing VM operation: HandshakeAllThreads done
Event: 0.189 Executing VM operation: HandshakeAllThreads
Event: 0.189 Executing VM operation: HandshakeAllThreads done
Event: 0.309 Executing VM operation: HandshakeAllThreads
Event: 0.309 Executing VM operation: HandshakeAllThreads done

Events (20 events):
Event: 0.422 loading class sun/net/spi/DefaultProxySelector
Event: 0.422 loading class sun/net/spi/DefaultProxySelector done
Event: 0.422 loading class java/net/Proxy
Event: 0.422 loading class java/net/Proxy done
Event: 0.422 loading class java/net/Proxy$Type
Event: 0.423 loading class java/net/Proxy$Type done
Event: 0.423 loading class sun/net/spi/DefaultProxySelector$1
Event: 0.423 loading class sun/net/spi/DefaultProxySelector$1 done
Event: 0.423 loading class sun/security/ssl/SSLSocketFactoryImpl
Event: 0.423 loading class javax/net/ssl/SSLSocketFactory
Event: 0.423 loading class javax/net/SocketFactory
Event: 0.423 loading class javax/net/SocketFactory done
Event: 0.423 loading class javax/net/ssl/SSLSocketFactory done
Event: 0.423 loading class sun/security/ssl/SSLSocketFactoryImpl done
Event: 0.423 loading class sun/security/ssl/SSLSocketImpl
Event: 0.423 loading class sun/security/ssl/SSLTransport
Event: 0.423 loading class sun/security/ssl/SSLTransport done
Event: 0.423 loading class sun/security/ssl/BaseSSLSocketImpl
Event: 0.424 loading class javax/net/ssl/SSLSocket
Event: 0.424 loading class java/net/Socket


Dynamic libraries:
0x00007ff740db0000 - 0x00007ff740dba000 	D:\Android\jbr\bin\java.exe
0x00007ffb70930000 - 0x00007ffb70b28000 	C:\Windows\SYSTEM32\ntdll.dll
0x00007ffb6fb50000 - 0x00007ffb6fc0d000 	C:\Windows\System32\KERNEL32.DLL
0x00007ffb6e0e0000 - 0x00007ffb6e3d6000 	C:\Windows\System32\KERNELBASE.dll
0x00007ffb6dfe0000 - 0x00007ffb6e0e0000 	C:\Windows\System32\ucrtbase.dll
0x00007ffb5a7d0000 - 0x00007ffb5a7eb000 	D:\Android\jbr\bin\VCRUNTIME140.dll
0x00007ffb63040000 - 0x00007ffb63057000 	D:\Android\jbr\bin\jli.dll
0x00007ffb6f230000 - 0x00007ffb6f3ce000 	C:\Windows\System32\USER32.dll
0x00007ffb6e870000 - 0x00007ffb6e892000 	C:\Windows\System32\win32u.dll
0x00007ffb6e980000 - 0x00007ffb6e9ab000 	C:\Windows\System32\GDI32.dll
0x00007ffb54c20000 - 0x00007ffb54eba000 	C:\Windows\WinSxS\amd64_microsoft.windows.common-controls_6595b64144ccf1df_6.0.19041.3636_none_60b6a03d71f818d5\COMCTL32.dll
0x00007ffb6e5a0000 - 0x00007ffb6e6b7000 	C:\Windows\System32\gdi32full.dll
0x00007ffb70620000 - 0x00007ffb706be000 	C:\Windows\System32\msvcrt.dll
0x00007ffb6e450000 - 0x00007ffb6e4ed000 	C:\Windows\System32\msvcp_win.dll
0x00007ffb6ea70000 - 0x00007ffb6eaa2000 	C:\Windows\System32\IMM32.DLL
0x00007ffb5a560000 - 0x00007ffb5a56c000 	D:\Android\jbr\bin\vcruntime140_1.dll
0x00007ffb49cb0000 - 0x00007ffb49d3d000 	D:\Android\jbr\bin\msvcp140.dll
0x00007ffb2e8a0000 - 0x00007ffb2f523000 	D:\Android\jbr\bin\server\jvm.dll
0x00007ffb6faa0000 - 0x00007ffb6fb50000 	C:\Windows\System32\ADVAPI32.dll
0x00007ffb704f0000 - 0x00007ffb70590000 	C:\Windows\System32\sechost.dll
0x00007ffb70160000 - 0x00007ffb70285000 	C:\Windows\System32\RPCRT4.dll
0x00007ffb6e8a0000 - 0x00007ffb6e8c7000 	C:\Windows\System32\bcrypt.dll
0x00007ffb6d4f0000 - 0x00007ffb6d53b000 	C:\Windows\SYSTEM32\POWRPROF.dll
0x00007ffb51ec0000 - 0x00007ffb51ee7000 	C:\Windows\SYSTEM32\WINMM.dll
0x00007ffb613b0000 - 0x00007ffb613ba000 	C:\Windows\SYSTEM32\VERSION.dll
0x00007ffb6a7b0000 - 0x00007ffb6a7b9000 	C:\Windows\SYSTEM32\WSOCK32.dll
0x00007ffb70290000 - 0x00007ffb702fb000 	C:\Windows\System32\WS2_32.dll
0x00007ffb6d3b0000 - 0x00007ffb6d3c2000 	C:\Windows\SYSTEM32\UMPDC.dll
0x00007ffb6c7e0000 - 0x00007ffb6c7f2000 	C:\Windows\SYSTEM32\kernel.appcore.dll
0x00007ffb6a730000 - 0x00007ffb6a73a000 	D:\Android\jbr\bin\jimage.dll
0x00007ffb6c4e0000 - 0x00007ffb6c6c4000 	C:\Windows\SYSTEM32\DBGHELP.DLL
0x00007ffb5a3d0000 - 0x00007ffb5a404000 	C:\Windows\SYSTEM32\dbgcore.DLL
0x00007ffb6e8d0000 - 0x00007ffb6e952000 	C:\Windows\System32\bcryptPrimitives.dll
0x00007ffb631b0000 - 0x00007ffb631d5000 	D:\Android\jbr\bin\java.dll
0x00007ffb63190000 - 0x00007ffb631a8000 	D:\Android\jbr\bin\zip.dll
0x00007ffb6eac0000 - 0x00007ffb6f22b000 	C:\Windows\System32\SHELL32.dll
0x00007ffb6bc70000 - 0x00007ffb6c40e000 	C:\Windows\SYSTEM32\windows.storage.dll
0x00007ffb6fc10000 - 0x00007ffb6ff63000 	C:\Windows\System32\combase.dll
0x00007ffb6d930000 - 0x00007ffb6d95e000 	C:\Windows\SYSTEM32\Wldp.dll
0x00007ffb70820000 - 0x00007ffb708ed000 	C:\Windows\System32\OLEAUT32.dll
0x00007ffb6e9c0000 - 0x00007ffb6ea6d000 	C:\Windows\System32\SHCORE.dll
0x00007ffb700a0000 - 0x00007ffb700f5000 	C:\Windows\System32\shlwapi.dll
0x00007ffb6df10000 - 0x00007ffb6df35000 	C:\Windows\SYSTEM32\profapi.dll
0x00007ffb630c0000 - 0x00007ffb630d9000 	D:\Android\jbr\bin\net.dll
0x00007ffb651d0000 - 0x00007ffb652da000 	C:\Windows\SYSTEM32\WINHTTP.dll
0x00007ffb6d710000 - 0x00007ffb6d77a000 	C:\Windows\system32\mswsock.dll
0x00007ffb630a0000 - 0x00007ffb630b6000 	D:\Android\jbr\bin\nio.dll
0x00007ffb6d970000 - 0x00007ffb6d988000 	C:\Windows\SYSTEM32\CRYPTSP.dll
0x00007ffb6cff0000 - 0x00007ffb6d024000 	C:\Windows\system32\rsaenh.dll
0x00007ffb6ded0000 - 0x00007ffb6defe000 	C:\Windows\SYSTEM32\USERENV.dll
0x00007ffb6d8a0000 - 0x00007ffb6d8ac000 	C:\Windows\SYSTEM32\CRYPTBASE.dll
0x00007ffb6d3d0000 - 0x00007ffb6d40b000 	C:\Windows\SYSTEM32\IPHLPAPI.DLL
0x00007ffb70420000 - 0x00007ffb70428000 	C:\Windows\System32\NSI.dll
0x00007ffb61430000 - 0x00007ffb61447000 	C:\Windows\SYSTEM32\dhcpcsvc6.DLL
0x00007ffb610f0000 - 0x00007ffb6110d000 	C:\Windows\SYSTEM32\dhcpcsvc.DLL
0x00007ffb6d410000 - 0x00007ffb6d4db000 	C:\Windows\SYSTEM32\DNSAPI.dll

dbghelp: loaded successfully - version: 4.0.5 - missing functions: none
symbol engine: initialized successfully - sym options: 0x614 - pdb path: .;D:\Android\jbr\bin;C:\Windows\SYSTEM32;C:\Windows\WinSxS\amd64_microsoft.windows.common-controls_6595b64144ccf1df_6.0.19041.3636_none_60b6a03d71f818d5;D:\Android\jbr\bin\server

VM Arguments:
java_command: git4idea.http.GitAskPassApp Username for 'https://github.com': 
java_class_path (initial): D:/Android/plugins/vcs-git/lib/git4idea-rt.jar;D:/Android/lib/externalProcess-rt.jar
Launcher Type: SUN_STANDARD

[Global flags]
     intx CICompilerCount                          = 4                                         {product} {ergonomic}
     uint ConcGCThreads                            = 2                                         {product} {ergonomic}
     uint G1ConcRefinementThreads                  = 8                                         {product} {ergonomic}
   size_t G1HeapRegionSize                         = 2097152                                   {product} {ergonomic}
    uintx GCDrainStackTargetSize                   = 64                                        {product} {ergonomic}
   size_t InitialHeapSize                          = 264241152                                 {product} {ergonomic}
   size_t MarkStackSize                            = 4194304                                   {product} {ergonomic}
   size_t MaxHeapSize                              = 4211081216                                {product} {ergonomic}
   size_t MaxNewSize                               = 2524971008                                {product} {ergonomic}
   size_t MinHeapDeltaBytes                        = 2097152                                   {product} {ergonomic}
   size_t MinHeapSize                              = 8388608                                   {product} {ergonomic}
    uintx NonNMethodCodeHeapSize                   = 5839372                                {pd product} {ergonomic}
    uintx NonProfiledCodeHeapSize                  = 122909434                              {pd product} {ergonomic}
    uintx ProfiledCodeHeapSize                     = 122909434                              {pd product} {ergonomic}
    uintx ReservedCodeCacheSize                    = 251658240                              {pd product} {ergonomic}
     bool SegmentedCodeCache                       = true                                      {product} {ergonomic}
   size_t SoftMaxHeapSize                          = 4211081216                             {manageable} {ergonomic}
     bool UseCompressedClassPointers               = true                           {product lp64_product} {ergonomic}
     bool UseCompressedOops                        = true                           {product lp64_product} {ergonomic}
     bool UseG1GC                                  = true                                      {product} {ergonomic}
     bool UseLargePagesIndividualAllocation        = false                                  {pd product} {ergonomic}

Logging:
Log output configuration:
 #0: stdout all=warning uptime,level,tags
 #1: stderr all=off uptime,level,tags

Environment Variables:
JAVA_HOME=C:\Program Files\Java\jre1.8.0_333
PATH=C:/Program Files/Git/mingw64/libexec/git-core;C:/Program Files/Git/mingw64/libexec/git-core;C:\Program Files\Git\mingw64\bin;C:\Program Files\Git\usr\bin;C:\Users\user\bin;C:\Program Files\Common Files\Oracle\Java\javapath;C:\Program Files (x86)\NAT Service;C:\Program Files (x86)\Common Files\Oracle\Java\javapath;C:\Windows\system32;C:\Windows;C:\Windows\System32\Wbem;C:\Windows\System32\WindowsPowerShell\v1.0\;C:\Windows\System32\OpenSSH\;C:\Program Files\nodejs\;C:\iverilog\gtkwave\bin;C:\iverilog\bin;C:\Users\user\Documents\Python Scripts;C:\Users\user\AppData\Local\Microsoft\WindowsApps\python3;C:\Users\user\AppData\Roaming\Microsoft\Windows\Start Menu\Programs\Python 3.10;C:\Users\user\AppData\Roaming\Microsoft\Windows\Start Menu\Programs\Python 3.10\python script;C:\Program Files\Git\cmd;C:\mingw64\bin;C:\Program Files\dotnet\;C:\Program Files\Bandizip\;%ANDROID_SDK_HOME%\sdk\platform-tools;C:\Users\user\AppData\Local\Microsoft\WindowsApps;C:\Users\user\AppData\Local\Programs\Microsoft VS Code\bin;C:\Users\user\AppData\Roaming\npm;C:\iverilog\bin;C:\iverilog\gtkwave\bin;C:\Users\user\.dotnet\tools
USERNAME=user
DISPLAY=:0.0
LC_ALL=en_US.UTF-8
TERM=xterm-256color
TMPDIR=C:\Users\user\AppData\Local\Temp
OS=Windows_NT
PROCESSOR_IDENTIFIER=Intel64 Family 6 Model 140 Stepping 1, GenuineIntel
TMP=C:\Users\user\AppData\Local\Temp
TEMP=C:\Users\user\AppData\Local\Temp



Periodic native trim disabled

JNI global refs:
JNI global refs: 19, weak refs: 0

JNI global refs memory usage: 843, weak refs: 209

OOME stack traces (most recent first):
Classloader memory used:
Loader bootstrap                                                                       : 1329K
Loader jdk.internal.loader.ClassLoaders$PlatformClassLoader                            : 45035B
Loader jdk.internal.loader.ClassLoaders$AppClassLoader                                 : 1808B


---------------  S Y S T E M  ---------------

OS:
 Windows 10 , 64 bit Build 19041 (10.0.19041.3636)
OS uptime: 0 days 2:28 hours
Hyper-V role detected

CPU: total 8 (initial active 8) (4 cores per cpu, 2 threads per core) family 6 model 140 stepping 1 microcode 0xac, cx8, cmov, fxsr, ht, mmx, 3dnowpref, sse, sse2, sse3, ssse3, sse4.1, sse4.2, popcnt, lzcnt, tsc, tscinvbit, avx, avx2, aes, erms, clmul, bmi1, bmi2, adx, avx512f, avx512dq, avx512cd, avx512bw, avx512vl, sha, fma, vzeroupper, avx512_vpopcntdq, avx512_vpclmulqdq, avx512_vaes, avx512_vnni, clflush, clflushopt, clwb, avx512_vbmi2, avx512_vbmi, hv
Processor Information for all 8 processors :
  Max Mhz: 2419, Current Mhz: 2419, Mhz Limit: 2419

Memory: 4k page, system-wide physical 16057M (564M free)
TotalPageFile size 16057M (AvailPageFile size 4M)
current process WorkingSet (physical memory assigned to process): 52M, peak: 52M
current process commit charge ("private bytes"): 343M, peak: 344M

vm_info: OpenJDK 64-Bit Server VM (17.0.9+0--11185874) for windows-amd64 JRE (17.0.9+0--11185874), built on Dec  6 2023 18:57:44 by "androidbuild" with MS VC++ 16.10 / 16.11 (VS2019)

END.
