#
# There is insufficient memory for the Java Runtime Environment to continue.
# Native memory allocation (mmap) failed to map 264241152 bytes for G1 virtual space
# Possible reasons:
#   The system is out of physical RAM or swap space
#   The process is running with CompressedOops enabled, and the Java Heap may be blocking the growth of the native heap
# Possible solutions:
#   Reduce memory load on the system
#   Increase physical memory or swap space
#   Check if swap backing store is full
#   Decrease Java heap size (-Xmx/-Xms)
#   Decrease number of Java threads
#   Decrease Java thread stack sizes (-Xss)
#   Set larger code cache with -XX:ReservedCodeCacheSize=
#   JVM is running with Zero Based Compressed Oops mode in which the Java heap is
#     placed in the first 32GB address space. The Java Heap base address is the
#     maximum limit for the native heap growth. Please use -XX:HeapBaseMinAddress
#     to set the Java Heap base and to place the Java Heap above 32GB virtual address.
# This output file may be truncated or incomplete.
#
#  Out of Memory Error (os_windows.cpp:3825), pid=4476, tid=23316
#
# JRE version:  (17.0.9) (build )
# Java VM: OpenJDK 64-Bit Server VM (17.0.9+0--11185874, mixed mode, sharing, tiered, compressed oops, compressed class ptrs, g1 gc, windows-amd64)
# No core dump will be written. Minidumps are not enabled by default on client versions of Windows
#

---------------  S U M M A R Y ------------

Command Line: org.jetbrains.kotlin.cli.jvm.K2JVMCompiler @D:\Android\Project_NiyakNeyak\app\build\20240410_9737638008609990636.compiler.options

Host: 11th Gen Intel(R) Core(TM) i5-1135G7 @ 2.40GHz, 8 cores, 15G,  Windows 10 , 64 bit Build 19041 (10.0.19041.3636)
Time: Wed Apr 10 11:31:43 2024  Windows 10 , 64 bit Build 19041 (10.0.19041.3636) elapsed time: 0.014538 seconds (0d 0h 0m 0s)

---------------  T H R E A D  ---------------

Current thread (0x00000260f344dcf0):  JavaThread "Unknown thread" [_thread_in_vm, id=23316, stack(0x000000aba3f00000,0x000000aba4000000)]

Stack: [0x000000aba3f00000,0x000000aba4000000]
Native frames: (J=compiled Java code, j=interpreted, Vv=VM code, C=native code)
V  [jvm.dll+0x6886e9]
V  [jvm.dll+0x841e4a]
V  [jvm.dll+0x843a8e]
V  [jvm.dll+0x8440f3]
V  [jvm.dll+0x24c14f]
V  [jvm.dll+0x685499]
V  [jvm.dll+0x679c2a]
V  [jvm.dll+0x30cf9b]
V  [jvm.dll+0x314446]
V  [jvm.dll+0x36425e]
V  [jvm.dll+0x36448f]
V  [jvm.dll+0x2e2d68]
V  [jvm.dll+0x2e3cd4]
V  [jvm.dll+0x8129f1]
V  [jvm.dll+0x3720c1]
V  [jvm.dll+0x7f152c]
V  [jvm.dll+0x3f5d4f]
V  [jvm.dll+0x3f7981]
C  [jli.dll+0x528f]
C  [ucrtbase.dll+0x21bb2]
C  [KERNEL32.DLL+0x17344]
C  [ntdll.dll+0x526b1]


---------------  P R O C E S S  ---------------

Threads class SMR info:
_java_thread_list=0x00007ffd9619ef18, length=0, elements={
}

Java Threads: ( => current thread )

Other Threads:
  0x00000260f34b7d90 GCTaskThread "GC Thread#0" [stack: 0x000000aba4000000,0x000000aba4100000] [id=10360]
  0x00000260f34c87e0 ConcurrentGCThread "G1 Main Marker" [stack: 0x000000aba4100000,0x000000aba4200000] [id=25672]
  0x00000260f34c9200 ConcurrentGCThread "G1 Conc#0" [stack: 0x000000aba4200000,0x000000aba4300000] [id=3188]

[error occurred during error reporting (printing all threads), id 0xc0000005, EXCEPTION_ACCESS_VIOLATION (0xc0000005) at pc=0x00007ffd95953937]

VM state: not at safepoint (not fully initialized)

VM Mutex/Monitor currently owned by a thread:  ([mutex/lock_event])
[0x00000260f3448150] Heap_lock - owner thread: 0x00000260f344dcf0

Heap address: 0x0000000705000000, size: 4016 MB, Compressed Oops mode: Zero based, Oop shift amount: 3

CDS archive(s) mapped at: [0x0000000000000000-0x0000000000000000-0x0000000000000000), size 0, SharedBaseAddress: 0x0000000800000000, ArchiveRelocationMode: 1.
Narrow klass base: 0x0000000000000000, Narrow klass shift: 0, Narrow klass range: 0x0

GC Precious Log:
<Empty>

Heap:
 garbage-first heap   total 0K, used 0K [0x0000000705000000, 0x0000000800000000)
  region size 2048K, 0 young (0K), 0 survivors (0K)
 Metaspace       used 0K, committed 0K, reserved 0K
  class space    used 0K, committed 0K, reserved 0K

Heap Regions: E=young(eden), S=young(survivor), O=old, HS=humongous(starts), HC=humongous(continues), CS=collection set, F=free, OA=open archive, CA=closed archive, TAMS=top-at-mark-start (previous, next)

Card table byte_map: [0x00000260f7440000,0x00000260f7c20000] _byte_map_base: 0x00000260f3c18000

Marking Bits (Prev, Next): (CMBitMap*) 0x00000260f34b83b0, (CMBitMap*) 0x00000260f34b83f0
 Prev Bits: [0x00000260f8400000, 0x00000260fc2c0000)
 Next Bits: [0x000002608f000000, 0x0000026092ec0000)

GC Heap History (0 events):
No events

Dll operation events (1 events):
Event: 0.010 Loaded shared library D:\Android\jbr\bin\java.dll

Deoptimization events (0 events):
No events

Classes unloaded (0 events):
No events

Classes redefined (0 events):
No events

Internal exceptions (0 events):
No events

VM Operations (0 events):
No events

Events (0 events):
No events


Dynamic libraries:
0x00007ff673c60000 - 0x00007ff673c6a000 	D:\Android\jbr\bin\java.exe
0x00007ffe145d0000 - 0x00007ffe147c8000 	C:\Windows\SYSTEM32\ntdll.dll
0x00007ffe14310000 - 0x00007ffe143cd000 	C:\Windows\System32\KERNEL32.DLL
0x00007ffe11fd0000 - 0x00007ffe122c6000 	C:\Windows\System32\KERNELBASE.dll
0x00007ffe122d0000 - 0x00007ffe123d0000 	C:\Windows\System32\ucrtbase.dll
0x00007ffe0a120000 - 0x00007ffe0a137000 	D:\Android\jbr\bin\jli.dll
0x00007ffe07340000 - 0x00007ffe0735b000 	D:\Android\jbr\bin\VCRUNTIME140.dll
0x00007ffe13190000 - 0x00007ffe1332e000 	C:\Windows\System32\USER32.dll
0x00007ffe125d0000 - 0x00007ffe125f2000 	C:\Windows\System32\win32u.dll
0x00007ffe13ad0000 - 0x00007ffe13afb000 	C:\Windows\System32\GDI32.dll
0x00007ffdf2d10000 - 0x00007ffdf2faa000 	C:\Windows\WinSxS\amd64_microsoft.windows.common-controls_6595b64144ccf1df_6.0.19041.3636_none_60b6a03d71f818d5\COMCTL32.dll
0x00007ffe124b0000 - 0x00007ffe125c7000 	C:\Windows\System32\gdi32full.dll
0x00007ffe130f0000 - 0x00007ffe1318e000 	C:\Windows\System32\msvcrt.dll
0x00007ffe11e50000 - 0x00007ffe11eed000 	C:\Windows\System32\msvcp_win.dll
0x00007ffe13b00000 - 0x00007ffe13b32000 	C:\Windows\System32\IMM32.DLL
0x00007ffe0a030000 - 0x00007ffe0a03c000 	D:\Android\jbr\bin\vcruntime140_1.dll
0x00007ffdf3be0000 - 0x00007ffdf3c6d000 	D:\Android\jbr\bin\msvcp140.dll
0x00007ffd95660000 - 0x00007ffd962e3000 	D:\Android\jbr\bin\server\jvm.dll
0x00007ffe12c10000 - 0x00007ffe12cc0000 	C:\Windows\System32\ADVAPI32.dll
0x00007ffe13880000 - 0x00007ffe13920000 	C:\Windows\System32\sechost.dll
0x00007ffe14460000 - 0x00007ffe14585000 	C:\Windows\System32\RPCRT4.dll
0x00007ffe12480000 - 0x00007ffe124a7000 	C:\Windows\System32\bcrypt.dll
0x00007ffe11560000 - 0x00007ffe115ab000 	C:\Windows\SYSTEM32\POWRPROF.dll
0x00007ffe0e4d0000 - 0x00007ffe0e4d9000 	C:\Windows\SYSTEM32\WSOCK32.dll
0x00007ffe13600000 - 0x00007ffe1366b000 	C:\Windows\System32\WS2_32.dll
0x00007ffdf5100000 - 0x00007ffdf5127000 	C:\Windows\SYSTEM32\WINMM.dll
0x00007ffe07650000 - 0x00007ffe0765a000 	C:\Windows\SYSTEM32\VERSION.dll
0x00007ffe11510000 - 0x00007ffe11522000 	C:\Windows\SYSTEM32\UMPDC.dll
0x00007ffe10480000 - 0x00007ffe10492000 	C:\Windows\SYSTEM32\kernel.appcore.dll
0x00007ffe0d140000 - 0x00007ffe0d14a000 	D:\Android\jbr\bin\jimage.dll
0x00007ffe0f9d0000 - 0x00007ffe0fbb4000 	C:\Windows\SYSTEM32\DBGHELP.DLL
0x00007ffded530000 - 0x00007ffded564000 	C:\Windows\SYSTEM32\dbgcore.DLL
0x00007ffe11f40000 - 0x00007ffe11fc2000 	C:\Windows\System32\bcryptPrimitives.dll
0x00007ffe0a360000 - 0x00007ffe0a385000 	D:\Android\jbr\bin\java.dll

dbghelp: loaded successfully - version: 4.0.5 - missing functions: none
symbol engine: initialized successfully - sym options: 0x614 - pdb path: .;D:\Android\jbr\bin;C:\Windows\SYSTEM32;C:\Windows\WinSxS\amd64_microsoft.windows.common-controls_6595b64144ccf1df_6.0.19041.3636_none_60b6a03d71f818d5;D:\Android\jbr\bin\server

VM Arguments:
java_command: org.jetbrains.kotlin.cli.jvm.K2JVMCompiler @D:\Android\Project_NiyakNeyak\app\build\20240410_9737638008609990636.compiler.options
java_class_path (initial): C:\Users\user\.gradle\caches\modules-2\files-2.1\org.jetbrains.kotlin\kotlin-compiler-embeddable\1.9.23\460f3eeb4ac5383e60a09898bafa9b63838cc2ea\kotlin-compiler-embeddable-1.9.23.jar;C:\Users\user\.gradle\caches\modules-2\files-2.1\org.jetbrains.kotlin\kotlin-stdlib\1.9.23\dbaadea1f5e68f790d242a91a38355a83ec38747\kotlin-stdlib-1.9.23.jar;C:\Users\user\.gradle\caches\modules-2\files-2.1\org.jetbrains.kotlin\kotlin-script-runtime\1.9.23\1375a7343d05891119fac57f8b50a7578420ac27\kotlin-script-runtime-1.9.23.jar;C:\Users\user\.gradle\caches\modules-2\files-2.1\org.jetbrains.kotlin\kotlin-reflect\1.6.10\1cbe9c92c12a94eea200d23c2bbaedaf3daf5132\kotlin-reflect-1.6.10.jar;C:\Users\user\.gradle\caches\modules-2\files-2.1\org.jetbrains.kotlin\kotlin-daemon-embeddable\1.9.23\a6ad5e888015dc4f9eb828ea753167f256093c6a\kotlin-daemon-embeddable-1.9.23.jar;C:\Users\user\.gradle\caches\modules-2\files-2.1\org.jetbrains.intellij.deps\trove4j\1.0.20200330\3afb14d5f9ceb459d724e907a21145e8ff394f02\trove4j-1.0.20200330.jar;C:\Users\user\.gradle\caches\modules-2\files-2.1\org.jetbrains\annotations\13.0\919f0dfe192fb4e063e7dacadee7f8bb9a2672a9\annotations-13.0.jar
Launcher Type: SUN_STANDARD

[Global flags]
     intx CICompilerCount                          = 4                                         {product} {ergonomic}
     uint ConcGCThreads                            = 2                                         {product} {ergonomic}
     uint G1ConcRefinementThreads                  = 8                                         {product} {ergonomic}
   size_t G1HeapRegionSize                         = 2097152                                   {product} {ergonomic}
    uintx GCDrainStackTargetSize                   = 64                                        {product} {ergonomic}
   size_t InitialHeapSize                          = 264241152                                 {product} {ergonomic}
   size_t MarkStackSize                            = 4194304                                   {product} {ergonomic}
   size_t MaxHeapSize                              = 4211081216                                {product} {ergonomic}
   size_t MinHeapDeltaBytes                        = 2097152                                   {product} {ergonomic}
   size_t MinHeapSize                              = 8388608                                   {product} {ergonomic}
    uintx NonNMethodCodeHeapSize                   = 5839372                                {pd product} {ergonomic}
    uintx NonProfiledCodeHeapSize                  = 122909434                              {pd product} {ergonomic}
    uintx ProfiledCodeHeapSize                     = 122909434                              {pd product} {ergonomic}
    uintx ReservedCodeCacheSize                    = 251658240                              {pd product} {ergonomic}
     bool SegmentedCodeCache                       = true                                      {product} {ergonomic}
   size_t SoftMaxHeapSize                          = 4211081216                             {manageable} {ergonomic}
     bool UseCompressedClassPointers               = true                           {product lp64_product} {ergonomic}
     bool UseCompressedOops                        = true                           {product lp64_product} {ergonomic}
     bool UseG1GC                                  = true                                      {product} {ergonomic}
     bool UseLargePagesIndividualAllocation        = false                                  {pd product} {ergonomic}

Logging:
Log output configuration:
 #0: stdout all=warning uptime,level,tags
 #1: stderr all=off uptime,level,tags

Environment Variables:
JAVA_HOME=C:\Program Files\Java\jre1.8.0_333
PATH=C:\Program Files\Common Files\Oracle\Java\javapath;C:\Program Files (x86)\NAT Service;C:\Program Files (x86)\Common Files\Oracle\Java\javapath;C:\Windows\system32;C:\Windows;C:\Windows\System32\Wbem;C:\Windows\System32\WindowsPowerShell\v1.0\;C:\Windows\System32\OpenSSH\;C:\Program Files\nodejs\;C:\iverilog\gtkwave\bin;C:\iverilog\bin;C:\Users\user\Documents\Python Scripts;C:\Users\user\AppData\Local\Microsoft\WindowsApps\python3;C:\Users\user\AppData\Roaming\Microsoft\Windows\Start Menu\Programs\Python 3.10;C:\Users\user\AppData\Roaming\Microsoft\Windows\Start Menu\Programs\Python 3.10\python script;C:\Program Files\Git\cmd;C:\mingw64\bin;C:\Program Files\dotnet\;C:\Program Files\Bandizip\;%ANDROID_SDK_HOME%\sdk\platform-tools;C:\Users\user\AppData\Local\Microsoft\WindowsApps;C:\Users\user\AppData\Roaming\npm;C:\iverilog\bin;C:\iverilog\gtkwave\bin;C:\Users\user\.dotnet\tools;C:\Users\user\AppData\Local\Programs\Microsoft VS Code\bin
USERNAME=user
OS=Windows_NT
PROCESSOR_IDENTIFIER=Intel64 Family 6 Model 140 Stepping 1, GenuineIntel
TMP=C:\Users\user\AppData\Local\Temp
TEMP=C:\Users\user\AppData\Local\Temp



Periodic native trim disabled

JNI global refs:
JNI global refs: 0, weak refs: 0

JNI global refs memory usage: 0, weak refs: 0

OOME stack traces (most recent first):
Classloader memory used:


---------------  S Y S T E M  ---------------

OS:
 Windows 10 , 64 bit Build 19041 (10.0.19041.3636)
OS uptime: 2 days 1:27 hours
Hyper-V role detected

CPU: total 8 (initial active 8) (4 cores per cpu, 2 threads per core) family 6 model 140 stepping 1 microcode 0xac, cx8, cmov, fxsr, ht, mmx, 3dnowpref, sse, sse2, sse3, ssse3, sse4.1, sse4.2, popcnt, lzcnt, tsc, tscinvbit, avx, avx2, aes, erms, clmul, bmi1, bmi2, adx, avx512f, avx512dq, avx512cd, avx512bw, avx512vl, sha, fma, vzeroupper, avx512_vpopcntdq, avx512_vpclmulqdq, avx512_vaes, avx512_vnni, clflush, clflushopt, clwb, avx512_vbmi2, avx512_vbmi, hv
Processor Information for all 8 processors :
  Max Mhz: 2419, Current Mhz: 2419, Mhz Limit: 2419

Memory: 4k page, system-wide physical 16057M (817M free)
TotalPageFile size 16057M (AvailPageFile size 235M)
current process WorkingSet (physical memory assigned to process): 10M, peak: 10M
current process commit charge ("private bytes"): 60M, peak: 312M

vm_info: OpenJDK 64-Bit Server VM (17.0.9+0--11185874) for windows-amd64 JRE (17.0.9+0--11185874), built on Dec  6 2023 18:57:44 by "androidbuild" with MS VC++ 16.10 / 16.11 (VS2019)

END.
